<?xml version="1.0" encoding="UTF-8"?>
<robot generator="Robot 5.0.1 (Python 3.7.5 on win32)" generated="20220629 15:51:21.042" rpa="true" schemaversion="3">
<suite id="s1" name="Tasks" source="d:\Robocorp\BOTS\OrdersRobot\tasks.robot">
<test id="s1-t1" name="Order robots from RobotSpareBin Industries Inc" line="33">
<kw name="Wait Until Keyword Succeeds" library="BuiltIn">
<var>${orders_url}</var>
<arg>${retry_max}</arg>
<arg>${retry_interval}</arg>
<arg>Ask user inputs</arg>
<doc>Runs the specified keyword and retries if it fails.</doc>
<kw name="Ask user inputs">
<kw name="Add text input" library="RPA.Dialogs">
<arg>url</arg>
<arg>label=Input URL</arg>
<arg>placeholder=Enter Orders URL here</arg>
<tag>input</tag>
<doc>Add a text input element</doc>
<status status="PASS" starttime="20220629 15:51:22.544" endtime="20220629 15:51:22.544"/>
</kw>
<kw name="Run dialog" library="RPA.Dialogs">
<var>${user_inputs}</var>
<tag>dialog</tag>
<doc>Create a dialog from all the defined elements and block
until the user has handled it.</doc>
<msg timestamp="20220629 15:51:22.544" level="INFO">Protecting keyword: RPA.Dialogs.Run dialog</msg>
<msg timestamp="20220629 15:51:35.769" level="INFO">Log level changed from NONE to INFO.</msg>
<status status="PASS" starttime="20220629 15:51:22.544" endtime="20220629 15:51:35.769"/>
</kw>
<return>
<value>${user_inputs.url}</value>
<status status="PASS" starttime="20220629 15:51:35.769" endtime="20220629 15:51:35.770"/>
</return>
<status status="PASS" starttime="20220629 15:51:22.543" endtime="20220629 15:51:35.771"/>
</kw>
<msg timestamp="20220629 15:51:35.771" level="INFO">${orders_url} = https://robotsparebinindustries.com/#/robot-order</msg>
<status status="PASS" starttime="20220629 15:51:22.542" endtime="20220629 15:51:35.771"/>
</kw>
<kw name="Wait Until Keyword Succeeds" library="BuiltIn">
<arg>${retry_max}</arg>
<arg>${retry_interval}</arg>
<arg>Open the robot order website</arg>
<doc>Runs the specified keyword and retries if it fails.</doc>
<kw name="Open the robot order website">
<kw name="Open Available Browser" library="RPA.Browser.Selenium">
<arg>${orders_url}</arg>
<arg>maximized=True</arg>
<doc>Attempts to open a browser on the user's device from a set of
supported browsers. Automatically downloads a corresponding webdriver
if none is already installed.</doc>
<msg timestamp="20220629 15:51:35.774" level="INFO">Creating an instance of the Chrome WebDriver.</msg>
<msg timestamp="20220629 15:51:35.796" level="INFO">Created download root directory: C:\Users\e1331985\AppData\Local\robocorp\webdrivers</msg>
<msg timestamp="20220629 15:51:35.796" level="INFO">Created symlink directory: C:\Users\e1331985\AppData\Local\robocorp\webdrivers</msg>
<msg timestamp="20220629 15:51:35.797" level="INFO">Created download root directory: C:\Users\e1331985\AppData\Local\robocorp\webdrivers</msg>
<msg timestamp="20220629 15:51:35.797" level="INFO">Created symlink directory: C:\Users\e1331985\AppData\Local\robocorp\webdrivers</msg>
<msg timestamp="20220629 15:51:37.717" level="INFO">Skipping download. File C:\Users\e1331985\AppData\Local\robocorp\webdrivers\chrome\103.0.5060.53\chromedriver_win32.zip already on filesystem.</msg>
<msg timestamp="20220629 15:51:38.497" level="INFO">Creating an instance of the Firefox WebDriver.</msg>
<msg timestamp="20220629 15:51:38.505" level="INFO">Created download root directory: C:\Users\e1331985\AppData\Local\robocorp\webdrivers</msg>
<msg timestamp="20220629 15:51:38.506" level="INFO">Created symlink directory: C:\Users\e1331985\AppData\Local\robocorp\webdrivers</msg>
<msg timestamp="20220629 15:51:38.506" level="INFO">Creating an instance of the Firefox WebDriver.</msg>
<msg timestamp="20220629 15:51:41.725" level="INFO">Created Firefox browser with arguments: --start-maximized</msg>
<msg timestamp="20220629 15:51:41.725" level="INFO" html="true">&lt;p&gt;Attempted combinations:&lt;/p&gt;&lt;div class="doc"&gt;&lt;table&gt;&lt;tr&gt;&lt;th&gt;Browser&lt;/th&gt;&lt;th&gt;Download&lt;/th&gt;&lt;th&gt;Error&lt;/th&gt;&lt;/tr&gt;&lt;tr&gt;&lt;td&gt;Chrome&lt;/td&gt;&lt;td&gt;False&lt;/td&gt;&lt;td&gt;Message: 'chromedriver' executable needs to be in PATH. Please see https://sites.google.com/a/chromium.org/chromedriver/home
&lt;/td&gt;&lt;/tr&gt;&lt;tr&gt;&lt;td&gt;Chrome&lt;/td&gt;&lt;td&gt;True&lt;/td&gt;&lt;td&gt;File is not a zip file&lt;/td&gt;&lt;/tr&gt;&lt;tr&gt;&lt;td&gt;Firefox&lt;/td&gt;&lt;td&gt;False&lt;/td&gt;&lt;td&gt;Message: 'geckodriver' executable needs to be in PATH. 
&lt;/td&gt;&lt;/tr&gt;&lt;tr&gt;&lt;td&gt;Firefox&lt;/td&gt;&lt;td&gt;True&lt;/td&gt;&lt;td&gt;&lt;/td&gt;&lt;/tr&gt;&lt;/table&gt;&lt;/div&gt;</msg>
<msg timestamp="20220629 15:51:41.725" level="INFO">Opening url 'https://robotsparebinindustries.com/#/robot-order'</msg>
<status status="PASS" starttime="20220629 15:51:35.773" endtime="20220629 15:51:43.482"/>
</kw>
<status status="PASS" starttime="20220629 15:51:35.772" endtime="20220629 15:51:43.482"/>
</kw>
<status status="PASS" starttime="20220629 15:51:35.772" endtime="20220629 15:51:43.483"/>
</kw>
<kw name="Get Orders">
<var>${orders}</var>
<kw name="Download" library="RPA.HTTP">
<arg>${file_url}</arg>
<arg>target_file=${download_path}</arg>
<arg>overwrite=True</arg>
<doc>An alias for the ``HTTP Get`` keyword.</doc>
<msg timestamp="20220629 15:51:43.486" level="INFO">Creating a new HTTP session</msg>
<msg timestamp="20220629 15:51:43.486" level="INFO">Creating Session using : alias=rpasession_alias.httpsrobotsparebinindustries.com, url=https://robotsparebinindustries.com, headers={},                     cookies={}, auth=None, timeout=None, proxies=None, verify=True,                     debug=0 </msg>
<status status="PASS" starttime="20220629 15:51:43.484" endtime="20220629 15:51:43.610"/>
</kw>
<kw name="Read table from CSV" library="RPA.Tables">
<var>${table}</var>
<arg>${file_path}</arg>
<doc>Read a CSV file as a table.</doc>
<msg timestamp="20220629 15:51:43.614" level="INFO">${table} = Table(columns=['Order number', 'Head', 'Body', 'Legs', 'Address'], rows=20)</msg>
<status status="PASS" starttime="20220629 15:51:43.611" endtime="20220629 15:51:43.614"/>
</kw>
<kw name="Log" library="BuiltIn">
<arg>Found columns: ${table.columns}</arg>
<doc>Logs the given message with the given level.</doc>
<msg timestamp="20220629 15:51:43.615" level="INFO">Found columns: ['Order number', 'Head', 'Body', 'Legs', 'Address']</msg>
<status status="PASS" starttime="20220629 15:51:43.614" endtime="20220629 15:51:43.616"/>
</kw>
<for flavor="IN">
<var>${order}</var>
<value>@{table}</value>
<iter>
<var name="${order}">{'Order number': '1', 'Head': '1', 'Body': '2', 'Legs': '3', 'Address': 'Address 123'}</var>
<kw name="Log" library="BuiltIn">
<arg>${order}</arg>
<doc>Logs the given message with the given level.</doc>
<msg timestamp="20220629 15:51:43.617" level="INFO">{'Order number': '1', 'Head': '1', 'Body': '2', 'Legs': '3', 'Address': 'Address 123'}</msg>
<status status="PASS" starttime="20220629 15:51:43.616" endtime="20220629 15:51:43.617"/>
</kw>
<status status="PASS" starttime="20220629 15:51:43.616" endtime="20220629 15:51:43.617"/>
</iter>
<iter>
<var name="${order}">{'Order number': '2', 'Head': '4', 'Body': '1', 'Legs': '5', 'Address': 'Address 456'}</var>
<kw name="Log" library="BuiltIn">
<arg>${order}</arg>
<doc>Logs the given message with the given level.</doc>
<msg timestamp="20220629 15:51:43.617" level="INFO">{'Order number': '2', 'Head': '4', 'Body': '1', 'Legs': '5', 'Address': 'Address 456'}</msg>
<status status="PASS" starttime="20220629 15:51:43.617" endtime="20220629 15:51:43.618"/>
</kw>
<status status="PASS" starttime="20220629 15:51:43.617" endtime="20220629 15:51:43.618"/>
</iter>
<iter>
<var name="${order}">{'Order number': '3', 'Head': '6', 'Body': '2', 'Legs': '3', 'Address': 'Address 789'}</var>
<kw name="Log" library="BuiltIn">
<arg>${order}</arg>
<doc>Logs the given message with the given level.</doc>
<msg timestamp="20220629 15:51:43.618" level="INFO">{'Order number': '3', 'Head': '6', 'Body': '2', 'Legs': '3', 'Address': 'Address 789'}</msg>
<status status="PASS" starttime="20220629 15:51:43.618" endtime="20220629 15:51:43.618"/>
</kw>
<status status="PASS" starttime="20220629 15:51:43.618" endtime="20220629 15:51:43.618"/>
</iter>
<iter>
<var name="${order}">{'Order number': '4', 'Head': '2', 'Body': '3', 'Legs': '2', 'Address': 'Address 1'}</var>
<kw name="Log" library="BuiltIn">
<arg>${order}</arg>
<doc>Logs the given message with the given level.</doc>
<msg timestamp="20220629 15:51:43.619" level="INFO">{'Order number': '4', 'Head': '2', 'Body': '3', 'Legs': '2', 'Address': 'Address 1'}</msg>
<status status="PASS" starttime="20220629 15:51:43.619" endtime="20220629 15:51:43.619"/>
</kw>
<status status="PASS" starttime="20220629 15:51:43.619" endtime="20220629 15:51:43.619"/>
</iter>
<iter>
<var name="${order}">{'Order number': '5', 'Head': '3', 'Body': '5', 'Legs': '1', 'Address': 'Address 2'}</var>
<kw name="Log" library="BuiltIn">
<arg>${order}</arg>
<doc>Logs the given message with the given level.</doc>
<msg timestamp="20220629 15:51:43.620" level="INFO">{'Order number': '5', 'Head': '3', 'Body': '5', 'Legs': '1', 'Address': 'Address 2'}</msg>
<status status="PASS" starttime="20220629 15:51:43.620" endtime="20220629 15:51:43.620"/>
</kw>
<status status="PASS" starttime="20220629 15:51:43.619" endtime="20220629 15:51:43.620"/>
</iter>
<iter>
<var name="${order}">{'Order number': '6', 'Head': '1', 'Body': '6', 'Legs': '6', 'Address': 'Address 3'}</var>
<kw name="Log" library="BuiltIn">
<arg>${order}</arg>
<doc>Logs the given message with the given level.</doc>
<msg timestamp="20220629 15:51:43.621" level="INFO">{'Order number': '6', 'Head': '1', 'Body': '6', 'Legs': '6', 'Address': 'Address 3'}</msg>
<status status="PASS" starttime="20220629 15:51:43.620" endtime="20220629 15:51:43.621"/>
</kw>
<status status="PASS" starttime="20220629 15:51:43.620" endtime="20220629 15:51:43.621"/>
</iter>
<iter>
<var name="${order}">{'Order number': '7', 'Head': '5', 'Body': '1', 'Legs': '5', 'Address': 'Address 4'}</var>
<kw name="Log" library="BuiltIn">
<arg>${order}</arg>
<doc>Logs the given message with the given level.</doc>
<msg timestamp="20220629 15:51:43.621" level="INFO">{'Order number': '7', 'Head': '5', 'Body': '1', 'Legs': '5', 'Address': 'Address 4'}</msg>
<status status="PASS" starttime="20220629 15:51:43.621" endtime="20220629 15:51:43.621"/>
</kw>
<status status="PASS" starttime="20220629 15:51:43.621" endtime="20220629 15:51:43.622"/>
</iter>
<iter>
<var name="${order}">{'Order number': '8', 'Head': '2', 'Body': '3', 'Legs': '3', 'Address': 'Address 5'}</var>
<kw name="Log" library="BuiltIn">
<arg>${order}</arg>
<doc>Logs the given message with the given level.</doc>
<msg timestamp="20220629 15:51:43.622" level="INFO">{'Order number': '8', 'Head': '2', 'Body': '3', 'Legs': '3', 'Address': 'Address 5'}</msg>
<status status="PASS" starttime="20220629 15:51:43.622" endtime="20220629 15:51:43.622"/>
</kw>
<status status="PASS" starttime="20220629 15:51:43.622" endtime="20220629 15:51:43.622"/>
</iter>
<iter>
<var name="${order}">{'Order number': '9', 'Head': '3', 'Body': '2', 'Legs': '2', 'Address': 'Address 6'}</var>
<kw name="Log" library="BuiltIn">
<arg>${order}</arg>
<doc>Logs the given message with the given level.</doc>
<msg timestamp="20220629 15:51:43.623" level="INFO">{'Order number': '9', 'Head': '3', 'Body': '2', 'Legs': '2', 'Address': 'Address 6'}</msg>
<status status="PASS" starttime="20220629 15:51:43.623" endtime="20220629 15:51:43.623"/>
</kw>
<status status="PASS" starttime="20220629 15:51:43.622" endtime="20220629 15:51:43.623"/>
</iter>
<iter>
<var name="${order}">{'Order number': '10', 'Head': '4', 'Body': '4', 'Legs': '2', 'Address': 'Address 7'}</var>
<kw name="Log" library="BuiltIn">
<arg>${order}</arg>
<doc>Logs the given message with the given level.</doc>
<msg timestamp="20220629 15:51:43.624" level="INFO">{'Order number': '10', 'Head': '4', 'Body': '4', 'Legs': '2', 'Address': 'Address 7'}</msg>
<status status="PASS" starttime="20220629 15:51:43.623" endtime="20220629 15:51:43.624"/>
</kw>
<status status="PASS" starttime="20220629 15:51:43.623" endtime="20220629 15:51:43.624"/>
</iter>
<iter>
<var name="${order}">{'Order number': '11', 'Head': '6', 'Body': '6', 'Legs': '1', 'Address': 'Address 8'}</var>
<kw name="Log" library="BuiltIn">
<arg>${order}</arg>
<doc>Logs the given message with the given level.</doc>
<msg timestamp="20220629 15:51:43.624" level="INFO">{'Order number': '11', 'Head': '6', 'Body': '6', 'Legs': '1', 'Address': 'Address 8'}</msg>
<status status="PASS" starttime="20220629 15:51:43.624" endtime="20220629 15:51:43.624"/>
</kw>
<status status="PASS" starttime="20220629 15:51:43.624" endtime="20220629 15:51:43.624"/>
</iter>
<iter>
<var name="${order}">{'Order number': '12', 'Head': '1', 'Body': '3', 'Legs': '3', 'Address': 'Address 9'}</var>
<kw name="Log" library="BuiltIn">
<arg>${order}</arg>
<doc>Logs the given message with the given level.</doc>
<msg timestamp="20220629 15:51:43.625" level="INFO">{'Order number': '12', 'Head': '1', 'Body': '3', 'Legs': '3', 'Address': 'Address 9'}</msg>
<status status="PASS" starttime="20220629 15:51:43.625" endtime="20220629 15:51:43.625"/>
</kw>
<status status="PASS" starttime="20220629 15:51:43.624" endtime="20220629 15:51:43.625"/>
</iter>
<iter>
<var name="${order}">{'Order number': '13', 'Head': '1', 'Body': '5', 'Legs': '4', 'Address': 'Address A'}</var>
<kw name="Log" library="BuiltIn">
<arg>${order}</arg>
<doc>Logs the given message with the given level.</doc>
<msg timestamp="20220629 15:51:43.626" level="INFO">{'Order number': '13', 'Head': '1', 'Body': '5', 'Legs': '4', 'Address': 'Address A'}</msg>
<status status="PASS" starttime="20220629 15:51:43.625" endtime="20220629 15:51:43.626"/>
</kw>
<status status="PASS" starttime="20220629 15:51:43.625" endtime="20220629 15:51:43.626"/>
</iter>
<iter>
<var name="${order}">{'Order number': '14', 'Head': '3', 'Body': '1', 'Legs': '5', 'Address': 'Address B'}</var>
<kw name="Log" library="BuiltIn">
<arg>${order}</arg>
<doc>Logs the given message with the given level.</doc>
<msg timestamp="20220629 15:51:43.626" level="INFO">{'Order number': '14', 'Head': '3', 'Body': '1', 'Legs': '5', 'Address': 'Address B'}</msg>
<status status="PASS" starttime="20220629 15:51:43.626" endtime="20220629 15:51:43.626"/>
</kw>
<status status="PASS" starttime="20220629 15:51:43.626" endtime="20220629 15:51:43.626"/>
</iter>
<iter>
<var name="${order}">{'Order number': '15', 'Head': '3', 'Body': '2', 'Legs': '6', 'Address': 'Address C'}</var>
<kw name="Log" library="BuiltIn">
<arg>${order}</arg>
<doc>Logs the given message with the given level.</doc>
<msg timestamp="20220629 15:51:43.627" level="INFO">{'Order number': '15', 'Head': '3', 'Body': '2', 'Legs': '6', 'Address': 'Address C'}</msg>
<status status="PASS" starttime="20220629 15:51:43.627" endtime="20220629 15:51:43.627"/>
</kw>
<status status="PASS" starttime="20220629 15:51:43.627" endtime="20220629 15:51:43.627"/>
</iter>
<iter>
<var name="${order}">{'Order number': '16', 'Head': '6', 'Body': '3', 'Legs': '6', 'Address': 'Address D'}</var>
<kw name="Log" library="BuiltIn">
<arg>${order}</arg>
<doc>Logs the given message with the given level.</doc>
<msg timestamp="20220629 15:51:43.628" level="INFO">{'Order number': '16', 'Head': '6', 'Body': '3', 'Legs': '6', 'Address': 'Address D'}</msg>
<status status="PASS" starttime="20220629 15:51:43.627" endtime="20220629 15:51:43.628"/>
</kw>
<status status="PASS" starttime="20220629 15:51:43.627" endtime="20220629 15:51:43.628"/>
</iter>
<iter>
<var name="${order}">{'Order number': '17', 'Head': '5', 'Body': '4', 'Legs': '1', 'Address': 'Address E'}</var>
<kw name="Log" library="BuiltIn">
<arg>${order}</arg>
<doc>Logs the given message with the given level.</doc>
<msg timestamp="20220629 15:51:43.628" level="INFO">{'Order number': '17', 'Head': '5', 'Body': '4', 'Legs': '1', 'Address': 'Address E'}</msg>
<status status="PASS" starttime="20220629 15:51:43.628" endtime="20220629 15:51:43.628"/>
</kw>
<status status="PASS" starttime="20220629 15:51:43.628" endtime="20220629 15:51:43.629"/>
</iter>
<iter>
<var name="${order}">{'Order number': '18', 'Head': '2', 'Body': '5', 'Legs': '1', 'Address': 'Address F'}</var>
<kw name="Log" library="BuiltIn">
<arg>${order}</arg>
<doc>Logs the given message with the given level.</doc>
<msg timestamp="20220629 15:51:43.630" level="INFO">{'Order number': '18', 'Head': '2', 'Body': '5', 'Legs': '1', 'Address': 'Address F'}</msg>
<status status="PASS" starttime="20220629 15:51:43.629" endtime="20220629 15:51:43.630"/>
</kw>
<status status="PASS" starttime="20220629 15:51:43.629" endtime="20220629 15:51:43.630"/>
</iter>
<iter>
<var name="${order}">{'Order number': '19', 'Head': '4', 'Body': '6', 'Legs': '2', 'Address': 'Address G'}</var>
<kw name="Log" library="BuiltIn">
<arg>${order}</arg>
<doc>Logs the given message with the given level.</doc>
<msg timestamp="20220629 15:51:43.630" level="INFO">{'Order number': '19', 'Head': '4', 'Body': '6', 'Legs': '2', 'Address': 'Address G'}</msg>
<status status="PASS" starttime="20220629 15:51:43.630" endtime="20220629 15:51:43.630"/>
</kw>
<status status="PASS" starttime="20220629 15:51:43.630" endtime="20220629 15:51:43.630"/>
</iter>
<iter>
<var name="${order}">{'Order number': '20', 'Head': '1', 'Body': '1', 'Legs': '5', 'Address': 'Address H'}</var>
<kw name="Log" library="BuiltIn">
<arg>${order}</arg>
<doc>Logs the given message with the given level.</doc>
<msg timestamp="20220629 15:51:43.631" level="INFO">{'Order number': '20', 'Head': '1', 'Body': '1', 'Legs': '5', 'Address': 'Address H'}</msg>
<status status="PASS" starttime="20220629 15:51:43.631" endtime="20220629 15:51:43.631"/>
</kw>
<status status="PASS" starttime="20220629 15:51:43.631" endtime="20220629 15:51:43.631"/>
</iter>
<status status="PASS" starttime="20220629 15:51:43.616" endtime="20220629 15:51:43.632"/>
</for>
<return>
<value>${table}</value>
<status status="PASS" starttime="20220629 15:51:43.632" endtime="20220629 15:51:43.632"/>
</return>
<msg timestamp="20220629 15:51:43.632" level="INFO">${orders} = Table(columns=['Order number', 'Head', 'Body', 'Legs', 'Address'], rows=20)</msg>
<status status="PASS" starttime="20220629 15:51:43.483" endtime="20220629 15:51:43.632"/>
</kw>
<for flavor="IN">
<var>${row}</var>
<value>@{orders}</value>
<iter>
<var name="${row}">{'Order number': '1', 'Head': '1', 'Body': '2', 'Legs': '3', 'Address': 'Address 123'}</var>
<kw name="Wait Until Keyword Succeeds" library="BuiltIn">
<arg>${retry_max}</arg>
<arg>${retry_interval}</arg>
<arg>Close the annoying modal</arg>
<doc>Runs the specified keyword and retries if it fails.</doc>
<kw name="Close the annoying modal">
<kw name="Click Element If Visible" library="RPA.Browser.Selenium">
<arg>css:.btn.btn-dark</arg>
<doc>Click element if it is visible</doc>
<msg timestamp="20220629 15:51:43.659" level="INFO">Element 'css:.btn.btn-dark' is displayed.</msg>
<msg timestamp="20220629 15:51:43.659" level="INFO">Clicking element 'css:.btn.btn-dark'.</msg>
<status status="PASS" starttime="20220629 15:51:43.635" endtime="20220629 15:51:43.889"/>
</kw>
<status status="PASS" starttime="20220629 15:51:43.634" endtime="20220629 15:51:43.890"/>
</kw>
<status status="PASS" starttime="20220629 15:51:43.634" endtime="20220629 15:51:43.890"/>
</kw>
<kw name="Wait Until Keyword Succeeds" library="BuiltIn">
<arg>${retry_max}</arg>
<arg>${retry_interval}</arg>
<arg>Fill the form</arg>
<arg>${row}</arg>
<doc>Runs the specified keyword and retries if it fails.</doc>
<kw name="Fill the form">
<arg>${row}</arg>
<kw name="Select From List By Value" library="RPA.Browser.Selenium">
<arg>head</arg>
<arg>${row}[Head]</arg>
<doc>Selects options from selection list ``locator`` by ``values``.</doc>
<msg timestamp="20220629 15:51:43.891" level="INFO">Selecting options from selection list 'head' by value 1.</msg>
<status status="PASS" starttime="20220629 15:51:43.891" endtime="20220629 15:51:44.134"/>
</kw>
<kw name="Select Radio Button" library="RPA.Browser.Selenium">
<arg>body</arg>
<arg>${row}[Body]</arg>
<doc>Sets the radio button group ``group_name`` to ``value``.</doc>
<msg timestamp="20220629 15:51:44.135" level="INFO">Selecting '2' from radio button 'body'.</msg>
<status status="PASS" starttime="20220629 15:51:44.134" endtime="20220629 15:51:44.349"/>
</kw>
<kw name="Input Text When Element Is Visible" library="RPA.Browser.Selenium">
<arg>css:.form-control</arg>
<arg>${row}[Legs]</arg>
<doc>Input text into locator after it has become visible.</doc>
<msg timestamp="20220629 15:51:44.364" level="INFO">Typing text '3' into text field 'css:.form-control'.</msg>
<status status="PASS" starttime="20220629 15:51:44.349" endtime="20220629 15:51:44.390"/>
</kw>
<kw name="Input Text When Element Is Visible" library="RPA.Browser.Selenium">
<arg>address</arg>
<arg>${row}[Address]</arg>
<doc>Input text into locator after it has become visible.</doc>
<msg timestamp="20220629 15:51:44.405" level="INFO">Typing text 'Address 123' into text field 'address'.</msg>
<status status="PASS" starttime="20220629 15:51:44.390" endtime="20220629 15:51:44.438"/>
</kw>
<status status="PASS" starttime="20220629 15:51:43.890" endtime="20220629 15:51:44.439"/>
</kw>
<status status="PASS" starttime="20220629 15:51:43.890" endtime="20220629 15:51:44.439"/>
</kw>
<kw name="Wait Until Keyword Succeeds" library="BuiltIn">
<arg>${retry_max}</arg>
<arg>${retry_interval}</arg>
<arg>Preview the robot</arg>
<doc>Runs the specified keyword and retries if it fails.</doc>
<kw name="Preview the robot">
<kw name="Click Button" library="RPA.Browser.Selenium">
<arg>preview</arg>
<doc>Clicks the button identified by ``locator``.</doc>
<msg timestamp="20220629 15:51:44.440" level="INFO">Clicking button 'preview'.</msg>
<status status="PASS" starttime="20220629 15:51:44.440" endtime="20220629 15:51:44.675"/>
</kw>
<status status="PASS" starttime="20220629 15:51:44.440" endtime="20220629 15:51:44.675"/>
</kw>
<status status="PASS" starttime="20220629 15:51:44.439" endtime="20220629 15:51:44.675"/>
</kw>
<kw name="Wait Until Keyword Succeeds" library="BuiltIn">
<arg>${retry_max}</arg>
<arg>${retry_interval}</arg>
<arg>Submit the order</arg>
<doc>Runs the specified keyword and retries if it fails.</doc>
<kw name="Submit the order">
<kw name="Click Button" library="RPA.Browser.Selenium">
<arg>order</arg>
<doc>Clicks the button identified by ``locator``.</doc>
<msg timestamp="20220629 15:51:44.678" level="INFO">Clicking button 'order'.</msg>
<status status="PASS" starttime="20220629 15:51:44.677" endtime="20220629 15:51:44.896"/>
</kw>
<status status="PASS" starttime="20220629 15:51:44.677" endtime="20220629 15:51:44.896"/>
</kw>
<status status="PASS" starttime="20220629 15:51:44.677" endtime="20220629 15:51:44.896"/>
</kw>
<kw name="Wait Until Keyword Succeeds" library="BuiltIn">
<var>${pdf}</var>
<arg>${retry_max}</arg>
<arg>${retry_interval}</arg>
<arg>Store the receipt as a PDF file</arg>
<arg>${row}[Order number]</arg>
<doc>Runs the specified keyword and retries if it fails.</doc>
<kw name="Store the receipt as a PDF file">
<arg>${row}[Order number]</arg>
<kw name="Does File Exist" library="RPA.FileSystem">
<var>${file_found}</var>
<arg>${receipts_path}${/}${order_number}.pdf</arg>
<doc>Returns True if the given file exists, False if not.</doc>
<msg timestamp="20220629 15:51:44.899" level="INFO">${file_found} = True</msg>
<status status="PASS" starttime="20220629 15:51:44.897" endtime="20220629 15:51:44.899"/>
</kw>
<if>
<branch type="IF" condition="${file_found} == ${True}">
<kw name="Remove File" library="RPA.FileSystem">
<arg>${receipts_path}${/}${order_number}.pdf</arg>
<doc>Removes the given file.</doc>
<status status="PASS" starttime="20220629 15:51:44.900" endtime="20220629 15:51:44.901"/>
</kw>
<status status="PASS" starttime="20220629 15:51:44.899" endtime="20220629 15:51:44.901"/>
</branch>
<status status="PASS" starttime="20220629 15:51:44.899" endtime="20220629 15:51:44.901"/>
</if>
<kw name="Does Page Contain Element" library="RPA.Browser.Selenium">
<var>${alert_found}</var>
<arg>css:.alert.alert-danger</arg>
<doc>Does page contain expected element</doc>
<msg timestamp="20220629 15:51:44.907" level="INFO" html="true">Ran with keyword &lt;b&gt;Page Should Contain Element&lt;/b&gt; which returned error: &lt;i&gt;Page should have contained element 'css:.alert.alert-danger' but did not.&lt;/i&gt;</msg>
<msg timestamp="20220629 15:51:44.907" level="INFO">${alert_found} = False</msg>
<status status="PASS" starttime="20220629 15:51:44.901" endtime="20220629 15:51:44.907"/>
</kw>
<if>
<branch type="IF" condition="${alert_found} == ${True}">
<kw name="Preview the robot">
<status status="NOT RUN" starttime="20220629 15:51:44.908" endtime="20220629 15:51:44.908"/>
</kw>
<kw name="Submit the order">
<status status="NOT RUN" starttime="20220629 15:51:44.908" endtime="20220629 15:51:44.908"/>
</kw>
<status status="NOT RUN" starttime="20220629 15:51:44.907" endtime="20220629 15:51:44.908"/>
</branch>
<status status="PASS" starttime="20220629 15:51:44.907" endtime="20220629 15:51:44.908"/>
</if>
<kw name="Wait Until Element Is Visible" library="RPA.Browser.Selenium">
<arg>id:receipt</arg>
<arg>timeout=${retry_timeout}</arg>
<arg>error=Receipt data either not loaded or order not submitted correctly</arg>
<doc>Waits until the element ``locator`` is visible.</doc>
<status status="PASS" starttime="20220629 15:51:44.909" endtime="20220629 15:51:44.922"/>
</kw>
<kw name="Get Element Attribute" library="RPA.Browser.Selenium">
<var>${receipt_results_html}</var>
<arg>id:receipt</arg>
<arg>outerHTML</arg>
<doc>Returns the value of ``attribute`` from the element ``locator``.</doc>
<msg timestamp="20220629 15:51:44.930" level="INFO">${receipt_results_html} = &lt;div id="receipt" class="alert alert-success" role="alert"&gt;&lt;h3&gt;Receipt&lt;/h3&gt;&lt;div&gt;2022-06-29T10:21:44.691Z&lt;/div&gt;&lt;p class="badge badge-success"&gt;RSB-ROBO-ORDER-6QQSKWLBQ5&lt;/p&gt;&lt;p&gt;Address 123&lt;/p&gt;&lt;div id="par...</msg>
<status status="PASS" starttime="20220629 15:51:44.922" endtime="20220629 15:51:44.930"/>
</kw>
<kw name="Html To Pdf" library="RPA.PDF">
<arg>${receipt_results_html}</arg>
<arg>${receipts_path}${/}${order_number}.pdf</arg>
<doc>Generate a PDF file from HTML content.</doc>
<msg timestamp="20220629 15:51:44.931" level="INFO">Writing output to file D:\Robocorp\BOTS\OrdersRobot\output\receipts\1.pdf</msg>
<status status="PASS" starttime="20220629 15:51:44.930" endtime="20220629 15:51:45.057"/>
</kw>
<return>
<value>${receipts_path}${/}${order_number}.pdf</value>
<status status="PASS" starttime="20220629 15:51:45.058" endtime="20220629 15:51:45.058"/>
</return>
<status status="PASS" starttime="20220629 15:51:44.897" endtime="20220629 15:51:45.058"/>
</kw>
<msg timestamp="20220629 15:51:45.059" level="INFO">${pdf} = d:\Robocorp\BOTS\OrdersRobot\output\receipts\1.pdf</msg>
<status status="PASS" starttime="20220629 15:51:44.896" endtime="20220629 15:51:45.059"/>
</kw>
<kw name="Wait Until Keyword Succeeds" library="BuiltIn">
<var>${screenshot}</var>
<arg>${retry_max}</arg>
<arg>${retry_interval}</arg>
<arg>Take a screenshot of the robot</arg>
<arg>${row}[Order number]</arg>
<doc>Runs the specified keyword and retries if it fails.</doc>
<kw name="Take a screenshot of the robot">
<arg>${row}[Order number]</arg>
<kw name="Does File Exist" library="RPA.FileSystem">
<var>${file_found}</var>
<arg>${screenshot_path}${/}${order_number}.jpg</arg>
<doc>Returns True if the given file exists, False if not.</doc>
<msg timestamp="20220629 15:51:45.061" level="INFO">${file_found} = True</msg>
<status status="PASS" starttime="20220629 15:51:45.060" endtime="20220629 15:51:45.062"/>
</kw>
<if>
<branch type="IF" condition="${file_found} == ${True}">
<kw name="Remove File" library="RPA.FileSystem">
<arg>${screenshot_path}${/}${order_number}.jpg</arg>
<doc>Removes the given file.</doc>
<status status="PASS" starttime="20220629 15:51:45.062" endtime="20220629 15:51:45.063"/>
</kw>
<status status="PASS" starttime="20220629 15:51:45.062" endtime="20220629 15:51:45.063"/>
</branch>
<status status="PASS" starttime="20220629 15:51:45.062" endtime="20220629 15:51:45.063"/>
</if>
<kw name="Take Screenshot Without Embedding" library="Screenshot">
<arg>${screenshot_path}${/}${order_number}.jpg</arg>
<doc>Takes a screenshot and links it from the log file.</doc>
<msg timestamp="20220629 15:51:45.222" level="INFO" html="true">Screenshot saved to '&lt;a href="screenshots/1.jpg"&gt;d:\Robocorp\BOTS\OrdersRobot\output\screenshots\1.jpg&lt;/a&gt;'.</msg>
<status status="PASS" starttime="20220629 15:51:45.063" endtime="20220629 15:51:45.222"/>
</kw>
<return>
<value>${screenshot_path}${/}${order_number}.jpg</value>
<status status="PASS" starttime="20220629 15:51:45.222" endtime="20220629 15:51:45.222"/>
</return>
<status status="PASS" starttime="20220629 15:51:45.060" endtime="20220629 15:51:45.223"/>
</kw>
<msg timestamp="20220629 15:51:45.223" level="INFO">${screenshot} = d:\Robocorp\BOTS\OrdersRobot\output\screenshots\1.jpg</msg>
<status status="PASS" starttime="20220629 15:51:45.059" endtime="20220629 15:51:45.224"/>
</kw>
<kw name="Wait Until Keyword Succeeds" library="BuiltIn">
<arg>${retry_max}</arg>
<arg>${retry_interval}</arg>
<arg>Embed the robot screenshot to the receipt PDF file</arg>
<arg>${screenshot}</arg>
<arg>${pdf}</arg>
<doc>Runs the specified keyword and retries if it fails.</doc>
<kw name="Embed the robot screenshot to the receipt PDF file">
<arg>${screenshot}</arg>
<arg>${pdf}</arg>
<kw name="Close All Pdfs" library="RPA.PDF">
<doc>Close all opened PDF file descriptors.</doc>
<status status="PASS" starttime="20220629 15:51:45.226" endtime="20220629 15:51:45.227"/>
</kw>
<kw name="Open Pdf" library="RPA.PDF">
<arg>${pdf}</arg>
<doc>Open a PDF document for reading.</doc>
<status status="PASS" starttime="20220629 15:51:45.227" endtime="20220629 15:51:45.229"/>
</kw>
<kw name="Add Watermark Image To Pdf" library="RPA.PDF">
<arg>${screenshot}</arg>
<arg>${pdf}</arg>
<doc>Add an image into an existing or new PDF.</doc>
<msg timestamp="20220629 15:51:45.271" level="INFO">UserWarning: mergePage is deprecated and will be removed in PyPDF2 2.0.0. Use merge_page instead. [_page.py:443]</msg>
<status status="PASS" starttime="20220629 15:51:45.229" endtime="20220629 15:51:45.271"/>
</kw>
<kw name="Close All Pdfs" library="RPA.PDF">
<doc>Close all opened PDF file descriptors.</doc>
<msg timestamp="20220629 15:51:45.271" level="INFO">Closing PDF document: D:\Robocorp\BOTS\OrdersRobot\output\receipts\1.pdf</msg>
<status status="PASS" starttime="20220629 15:51:45.271" endtime="20220629 15:51:45.271"/>
</kw>
<status status="PASS" starttime="20220629 15:51:45.225" endtime="20220629 15:51:45.272"/>
</kw>
<status status="PASS" starttime="20220629 15:51:45.224" endtime="20220629 15:51:45.272"/>
</kw>
<kw name="Wait Until Keyword Succeeds" library="BuiltIn">
<arg>${retry_max}</arg>
<arg>${retry_interval}</arg>
<arg>Go to order another robot</arg>
<doc>Runs the specified keyword and retries if it fails.</doc>
<kw name="Go to order another robot">
<kw name="Click Element If Visible" library="RPA.Browser.Selenium">
<arg>order-another</arg>
<doc>Click element if it is visible</doc>
<msg timestamp="20220629 15:51:45.287" level="INFO">Element 'order-another' is displayed.</msg>
<msg timestamp="20220629 15:51:45.287" level="INFO">Clicking element 'order-another'.</msg>
<status status="PASS" starttime="20220629 15:51:45.273" endtime="20220629 15:51:45.404"/>
</kw>
<status status="PASS" starttime="20220629 15:51:45.273" endtime="20220629 15:51:45.404"/>
</kw>
<status status="PASS" starttime="20220629 15:51:45.272" endtime="20220629 15:51:45.405"/>
</kw>
<status status="PASS" starttime="20220629 15:51:43.633" endtime="20220629 15:51:45.405"/>
</iter>
<iter>
<var name="${row}">{'Order number': '2', 'Head': '4', 'Body': '1', 'Legs': '5', 'Address': 'Address 456'}</var>
<kw name="Wait Until Keyword Succeeds" library="BuiltIn">
<arg>${retry_max}</arg>
<arg>${retry_interval}</arg>
<arg>Close the annoying modal</arg>
<doc>Runs the specified keyword and retries if it fails.</doc>
<kw name="Close the annoying modal">
<kw name="Click Element If Visible" library="RPA.Browser.Selenium">
<arg>css:.btn.btn-dark</arg>
<doc>Click element if it is visible</doc>
<msg timestamp="20220629 15:51:45.426" level="INFO">Element 'css:.btn.btn-dark' is displayed.</msg>
<msg timestamp="20220629 15:51:45.426" level="INFO">Clicking element 'css:.btn.btn-dark'.</msg>
<status status="PASS" starttime="20220629 15:51:45.407" endtime="20220629 15:51:45.642"/>
</kw>
<status status="PASS" starttime="20220629 15:51:45.406" endtime="20220629 15:51:45.643"/>
</kw>
<status status="PASS" starttime="20220629 15:51:45.406" endtime="20220629 15:51:45.643"/>
</kw>
<kw name="Wait Until Keyword Succeeds" library="BuiltIn">
<arg>${retry_max}</arg>
<arg>${retry_interval}</arg>
<arg>Fill the form</arg>
<arg>${row}</arg>
<doc>Runs the specified keyword and retries if it fails.</doc>
<kw name="Fill the form">
<arg>${row}</arg>
<kw name="Select From List By Value" library="RPA.Browser.Selenium">
<arg>head</arg>
<arg>${row}[Head]</arg>
<doc>Selects options from selection list ``locator`` by ``values``.</doc>
<msg timestamp="20220629 15:51:45.644" level="INFO">Selecting options from selection list 'head' by value 4.</msg>
<status status="PASS" starttime="20220629 15:51:45.644" endtime="20220629 15:51:45.873"/>
</kw>
<kw name="Select Radio Button" library="RPA.Browser.Selenium">
<arg>body</arg>
<arg>${row}[Body]</arg>
<doc>Sets the radio button group ``group_name`` to ``value``.</doc>
<msg timestamp="20220629 15:51:45.873" level="INFO">Selecting '1' from radio button 'body'.</msg>
<status status="PASS" starttime="20220629 15:51:45.873" endtime="20220629 15:51:46.090"/>
</kw>
<kw name="Input Text When Element Is Visible" library="RPA.Browser.Selenium">
<arg>css:.form-control</arg>
<arg>${row}[Legs]</arg>
<doc>Input text into locator after it has become visible.</doc>
<msg timestamp="20220629 15:51:46.104" level="INFO">Typing text '5' into text field 'css:.form-control'.</msg>
<status status="PASS" starttime="20220629 15:51:46.090" endtime="20220629 15:51:46.126"/>
</kw>
<kw name="Input Text When Element Is Visible" library="RPA.Browser.Selenium">
<arg>address</arg>
<arg>${row}[Address]</arg>
<doc>Input text into locator after it has become visible.</doc>
<msg timestamp="20220629 15:51:46.141" level="INFO">Typing text 'Address 456' into text field 'address'.</msg>
<status status="PASS" starttime="20220629 15:51:46.126" endtime="20220629 15:51:46.165"/>
</kw>
<status status="PASS" starttime="20220629 15:51:45.643" endtime="20220629 15:51:46.166"/>
</kw>
<status status="PASS" starttime="20220629 15:51:45.643" endtime="20220629 15:51:46.167"/>
</kw>
<kw name="Wait Until Keyword Succeeds" library="BuiltIn">
<arg>${retry_max}</arg>
<arg>${retry_interval}</arg>
<arg>Preview the robot</arg>
<doc>Runs the specified keyword and retries if it fails.</doc>
<kw name="Preview the robot">
<kw name="Click Button" library="RPA.Browser.Selenium">
<arg>preview</arg>
<doc>Clicks the button identified by ``locator``.</doc>
<msg timestamp="20220629 15:51:46.168" level="INFO">Clicking button 'preview'.</msg>
<status status="PASS" starttime="20220629 15:51:46.168" endtime="20220629 15:51:46.399"/>
</kw>
<status status="PASS" starttime="20220629 15:51:46.167" endtime="20220629 15:51:46.399"/>
</kw>
<status status="PASS" starttime="20220629 15:51:46.167" endtime="20220629 15:51:46.400"/>
</kw>
<kw name="Wait Until Keyword Succeeds" library="BuiltIn">
<arg>${retry_max}</arg>
<arg>${retry_interval}</arg>
<arg>Submit the order</arg>
<doc>Runs the specified keyword and retries if it fails.</doc>
<kw name="Submit the order">
<kw name="Click Button" library="RPA.Browser.Selenium">
<arg>order</arg>
<doc>Clicks the button identified by ``locator``.</doc>
<msg timestamp="20220629 15:51:46.401" level="INFO">Clicking button 'order'.</msg>
<status status="PASS" starttime="20220629 15:51:46.401" endtime="20220629 15:51:46.619"/>
</kw>
<status status="PASS" starttime="20220629 15:51:46.400" endtime="20220629 15:51:46.620"/>
</kw>
<status status="PASS" starttime="20220629 15:51:46.400" endtime="20220629 15:51:46.620"/>
</kw>
<kw name="Wait Until Keyword Succeeds" library="BuiltIn">
<var>${pdf}</var>
<arg>${retry_max}</arg>
<arg>${retry_interval}</arg>
<arg>Store the receipt as a PDF file</arg>
<arg>${row}[Order number]</arg>
<doc>Runs the specified keyword and retries if it fails.</doc>
<kw name="Store the receipt as a PDF file">
<arg>${row}[Order number]</arg>
<kw name="Does File Exist" library="RPA.FileSystem">
<var>${file_found}</var>
<arg>${receipts_path}${/}${order_number}.pdf</arg>
<doc>Returns True if the given file exists, False if not.</doc>
<msg timestamp="20220629 15:51:46.622" level="INFO">${file_found} = True</msg>
<status status="PASS" starttime="20220629 15:51:46.621" endtime="20220629 15:51:46.622"/>
</kw>
<if>
<branch type="IF" condition="${file_found} == ${True}">
<kw name="Remove File" library="RPA.FileSystem">
<arg>${receipts_path}${/}${order_number}.pdf</arg>
<doc>Removes the given file.</doc>
<status status="PASS" starttime="20220629 15:51:46.623" endtime="20220629 15:51:46.624"/>
</kw>
<status status="PASS" starttime="20220629 15:51:46.623" endtime="20220629 15:51:46.624"/>
</branch>
<status status="PASS" starttime="20220629 15:51:46.622" endtime="20220629 15:51:46.624"/>
</if>
<kw name="Does Page Contain Element" library="RPA.Browser.Selenium">
<var>${alert_found}</var>
<arg>css:.alert.alert-danger</arg>
<doc>Does page contain expected element</doc>
<msg timestamp="20220629 15:51:46.629" level="INFO" html="true">Ran with keyword &lt;b&gt;Page Should Contain Element&lt;/b&gt; which returned error: &lt;i&gt;Page should have contained element 'css:.alert.alert-danger' but did not.&lt;/i&gt;</msg>
<msg timestamp="20220629 15:51:46.630" level="INFO">${alert_found} = False</msg>
<status status="PASS" starttime="20220629 15:51:46.624" endtime="20220629 15:51:46.630"/>
</kw>
<if>
<branch type="IF" condition="${alert_found} == ${True}">
<kw name="Preview the robot">
<status status="NOT RUN" starttime="20220629 15:51:46.630" endtime="20220629 15:51:46.630"/>
</kw>
<kw name="Submit the order">
<status status="NOT RUN" starttime="20220629 15:51:46.630" endtime="20220629 15:51:46.631"/>
</kw>
<status status="NOT RUN" starttime="20220629 15:51:46.630" endtime="20220629 15:51:46.631"/>
</branch>
<status status="PASS" starttime="20220629 15:51:46.630" endtime="20220629 15:51:46.631"/>
</if>
<kw name="Wait Until Element Is Visible" library="RPA.Browser.Selenium">
<arg>id:receipt</arg>
<arg>timeout=${retry_timeout}</arg>
<arg>error=Receipt data either not loaded or order not submitted correctly</arg>
<doc>Waits until the element ``locator`` is visible.</doc>
<status status="PASS" starttime="20220629 15:51:46.631" endtime="20220629 15:51:46.645"/>
</kw>
<kw name="Get Element Attribute" library="RPA.Browser.Selenium">
<var>${receipt_results_html}</var>
<arg>id:receipt</arg>
<arg>outerHTML</arg>
<doc>Returns the value of ``attribute`` from the element ``locator``.</doc>
<msg timestamp="20220629 15:51:46.653" level="INFO">${receipt_results_html} = &lt;div id="receipt" class="alert alert-success" role="alert"&gt;&lt;h3&gt;Receipt&lt;/h3&gt;&lt;div&gt;2022-06-29T10:21:46.415Z&lt;/div&gt;&lt;p class="badge badge-success"&gt;RSB-ROBO-ORDER-MM337S4PRH&lt;/p&gt;&lt;p&gt;Address 456&lt;/p&gt;&lt;div id="par...</msg>
<status status="PASS" starttime="20220629 15:51:46.645" endtime="20220629 15:51:46.653"/>
</kw>
<kw name="Html To Pdf" library="RPA.PDF">
<arg>${receipt_results_html}</arg>
<arg>${receipts_path}${/}${order_number}.pdf</arg>
<doc>Generate a PDF file from HTML content.</doc>
<msg timestamp="20220629 15:51:46.655" level="INFO">Writing output to file D:\Robocorp\BOTS\OrdersRobot\output\receipts\2.pdf</msg>
<status status="PASS" starttime="20220629 15:51:46.654" endtime="20220629 15:51:46.788"/>
</kw>
<return>
<value>${receipts_path}${/}${order_number}.pdf</value>
<status status="PASS" starttime="20220629 15:51:46.788" endtime="20220629 15:51:46.788"/>
</return>
<status status="PASS" starttime="20220629 15:51:46.620" endtime="20220629 15:51:46.789"/>
</kw>
<msg timestamp="20220629 15:51:46.789" level="INFO">${pdf} = d:\Robocorp\BOTS\OrdersRobot\output\receipts\2.pdf</msg>
<status status="PASS" starttime="20220629 15:51:46.620" endtime="20220629 15:51:46.789"/>
</kw>
<kw name="Wait Until Keyword Succeeds" library="BuiltIn">
<var>${screenshot}</var>
<arg>${retry_max}</arg>
<arg>${retry_interval}</arg>
<arg>Take a screenshot of the robot</arg>
<arg>${row}[Order number]</arg>
<doc>Runs the specified keyword and retries if it fails.</doc>
<kw name="Take a screenshot of the robot">
<arg>${row}[Order number]</arg>
<kw name="Does File Exist" library="RPA.FileSystem">
<var>${file_found}</var>
<arg>${screenshot_path}${/}${order_number}.jpg</arg>
<doc>Returns True if the given file exists, False if not.</doc>
<msg timestamp="20220629 15:51:46.792" level="INFO">${file_found} = True</msg>
<status status="PASS" starttime="20220629 15:51:46.790" endtime="20220629 15:51:46.792"/>
</kw>
<if>
<branch type="IF" condition="${file_found} == ${True}">
<kw name="Remove File" library="RPA.FileSystem">
<arg>${screenshot_path}${/}${order_number}.jpg</arg>
<doc>Removes the given file.</doc>
<status status="PASS" starttime="20220629 15:51:46.792" endtime="20220629 15:51:46.793"/>
</kw>
<status status="PASS" starttime="20220629 15:51:46.792" endtime="20220629 15:51:46.793"/>
</branch>
<status status="PASS" starttime="20220629 15:51:46.792" endtime="20220629 15:51:46.793"/>
</if>
<kw name="Take Screenshot Without Embedding" library="Screenshot">
<arg>${screenshot_path}${/}${order_number}.jpg</arg>
<doc>Takes a screenshot and links it from the log file.</doc>
<msg timestamp="20220629 15:51:46.833" level="INFO" html="true">Screenshot saved to '&lt;a href="screenshots/2.jpg"&gt;d:\Robocorp\BOTS\OrdersRobot\output\screenshots\2.jpg&lt;/a&gt;'.</msg>
<status status="PASS" starttime="20220629 15:51:46.794" endtime="20220629 15:51:46.833"/>
</kw>
<return>
<value>${screenshot_path}${/}${order_number}.jpg</value>
<status status="PASS" starttime="20220629 15:51:46.833" endtime="20220629 15:51:46.834"/>
</return>
<status status="PASS" starttime="20220629 15:51:46.790" endtime="20220629 15:51:46.834"/>
</kw>
<msg timestamp="20220629 15:51:46.834" level="INFO">${screenshot} = d:\Robocorp\BOTS\OrdersRobot\output\screenshots\2.jpg</msg>
<status status="PASS" starttime="20220629 15:51:46.789" endtime="20220629 15:51:46.834"/>
</kw>
<kw name="Wait Until Keyword Succeeds" library="BuiltIn">
<arg>${retry_max}</arg>
<arg>${retry_interval}</arg>
<arg>Embed the robot screenshot to the receipt PDF file</arg>
<arg>${screenshot}</arg>
<arg>${pdf}</arg>
<doc>Runs the specified keyword and retries if it fails.</doc>
<kw name="Embed the robot screenshot to the receipt PDF file">
<arg>${screenshot}</arg>
<arg>${pdf}</arg>
<kw name="Close All Pdfs" library="RPA.PDF">
<doc>Close all opened PDF file descriptors.</doc>
<status status="PASS" starttime="20220629 15:51:46.835" endtime="20220629 15:51:46.836"/>
</kw>
<kw name="Open Pdf" library="RPA.PDF">
<arg>${pdf}</arg>
<doc>Open a PDF document for reading.</doc>
<status status="PASS" starttime="20220629 15:51:46.836" endtime="20220629 15:51:46.836"/>
</kw>
<kw name="Add Watermark Image To Pdf" library="RPA.PDF">
<arg>${screenshot}</arg>
<arg>${pdf}</arg>
<doc>Add an image into an existing or new PDF.</doc>
<status status="PASS" starttime="20220629 15:51:46.837" endtime="20220629 15:51:46.872"/>
</kw>
<kw name="Close All Pdfs" library="RPA.PDF">
<doc>Close all opened PDF file descriptors.</doc>
<msg timestamp="20220629 15:51:46.872" level="INFO">Closing PDF document: D:\Robocorp\BOTS\OrdersRobot\output\receipts\2.pdf</msg>
<status status="PASS" starttime="20220629 15:51:46.872" endtime="20220629 15:51:46.872"/>
</kw>
<status status="PASS" starttime="20220629 15:51:46.835" endtime="20220629 15:51:46.873"/>
</kw>
<status status="PASS" starttime="20220629 15:51:46.834" endtime="20220629 15:51:46.873"/>
</kw>
<kw name="Wait Until Keyword Succeeds" library="BuiltIn">
<arg>${retry_max}</arg>
<arg>${retry_interval}</arg>
<arg>Go to order another robot</arg>
<doc>Runs the specified keyword and retries if it fails.</doc>
<kw name="Go to order another robot">
<kw name="Click Element If Visible" library="RPA.Browser.Selenium">
<arg>order-another</arg>
<doc>Click element if it is visible</doc>
<msg timestamp="20220629 15:51:46.888" level="INFO">Element 'order-another' is displayed.</msg>
<msg timestamp="20220629 15:51:46.888" level="INFO">Clicking element 'order-another'.</msg>
<status status="PASS" starttime="20220629 15:51:46.874" endtime="20220629 15:51:47.030"/>
</kw>
<status status="PASS" starttime="20220629 15:51:46.873" endtime="20220629 15:51:47.031"/>
</kw>
<status status="PASS" starttime="20220629 15:51:46.873" endtime="20220629 15:51:47.031"/>
</kw>
<status status="PASS" starttime="20220629 15:51:45.405" endtime="20220629 15:51:47.032"/>
</iter>
<iter>
<var name="${row}">{'Order number': '3', 'Head': '6', 'Body': '2', 'Legs': '3', 'Address': 'Address 789'}</var>
<kw name="Wait Until Keyword Succeeds" library="BuiltIn">
<arg>${retry_max}</arg>
<arg>${retry_interval}</arg>
<arg>Close the annoying modal</arg>
<doc>Runs the specified keyword and retries if it fails.</doc>
<kw name="Close the annoying modal">
<kw name="Click Element If Visible" library="RPA.Browser.Selenium">
<arg>css:.btn.btn-dark</arg>
<doc>Click element if it is visible</doc>
<msg timestamp="20220629 15:51:47.065" level="INFO">Element 'css:.btn.btn-dark' is displayed.</msg>
<msg timestamp="20220629 15:51:47.065" level="INFO">Clicking element 'css:.btn.btn-dark'.</msg>
<status status="PASS" starttime="20220629 15:51:47.035" endtime="20220629 15:51:47.293"/>
</kw>
<status status="PASS" starttime="20220629 15:51:47.034" endtime="20220629 15:51:47.294"/>
</kw>
<status status="PASS" starttime="20220629 15:51:47.033" endtime="20220629 15:51:47.294"/>
</kw>
<kw name="Wait Until Keyword Succeeds" library="BuiltIn">
<arg>${retry_max}</arg>
<arg>${retry_interval}</arg>
<arg>Fill the form</arg>
<arg>${row}</arg>
<doc>Runs the specified keyword and retries if it fails.</doc>
<kw name="Fill the form">
<arg>${row}</arg>
<kw name="Select From List By Value" library="RPA.Browser.Selenium">
<arg>head</arg>
<arg>${row}[Head]</arg>
<doc>Selects options from selection list ``locator`` by ``values``.</doc>
<msg timestamp="20220629 15:51:47.296" level="INFO">Selecting options from selection list 'head' by value 6.</msg>
<status status="PASS" starttime="20220629 15:51:47.296" endtime="20220629 15:51:47.536"/>
</kw>
<kw name="Select Radio Button" library="RPA.Browser.Selenium">
<arg>body</arg>
<arg>${row}[Body]</arg>
<doc>Sets the radio button group ``group_name`` to ``value``.</doc>
<msg timestamp="20220629 15:51:47.537" level="INFO">Selecting '2' from radio button 'body'.</msg>
<status status="PASS" starttime="20220629 15:51:47.536" endtime="20220629 15:51:47.753"/>
</kw>
<kw name="Input Text When Element Is Visible" library="RPA.Browser.Selenium">
<arg>css:.form-control</arg>
<arg>${row}[Legs]</arg>
<doc>Input text into locator after it has become visible.</doc>
<msg timestamp="20220629 15:51:47.775" level="INFO">Typing text '3' into text field 'css:.form-control'.</msg>
<status status="PASS" starttime="20220629 15:51:47.753" endtime="20220629 15:51:47.803"/>
</kw>
<kw name="Input Text When Element Is Visible" library="RPA.Browser.Selenium">
<arg>address</arg>
<arg>${row}[Address]</arg>
<doc>Input text into locator after it has become visible.</doc>
<msg timestamp="20220629 15:51:47.819" level="INFO">Typing text 'Address 789' into text field 'address'.</msg>
<status status="PASS" starttime="20220629 15:51:47.803" endtime="20220629 15:51:47.848"/>
</kw>
<status status="PASS" starttime="20220629 15:51:47.295" endtime="20220629 15:51:47.849"/>
</kw>
<status status="PASS" starttime="20220629 15:51:47.294" endtime="20220629 15:51:47.849"/>
</kw>
<kw name="Wait Until Keyword Succeeds" library="BuiltIn">
<arg>${retry_max}</arg>
<arg>${retry_interval}</arg>
<arg>Preview the robot</arg>
<doc>Runs the specified keyword and retries if it fails.</doc>
<kw name="Preview the robot">
<kw name="Click Button" library="RPA.Browser.Selenium">
<arg>preview</arg>
<doc>Clicks the button identified by ``locator``.</doc>
<msg timestamp="20220629 15:51:47.851" level="INFO">Clicking button 'preview'.</msg>
<status status="PASS" starttime="20220629 15:51:47.851" endtime="20220629 15:51:48.083"/>
</kw>
<status status="PASS" starttime="20220629 15:51:47.850" endtime="20220629 15:51:48.083"/>
</kw>
<status status="PASS" starttime="20220629 15:51:47.850" endtime="20220629 15:51:48.083"/>
</kw>
<kw name="Wait Until Keyword Succeeds" library="BuiltIn">
<arg>${retry_max}</arg>
<arg>${retry_interval}</arg>
<arg>Submit the order</arg>
<doc>Runs the specified keyword and retries if it fails.</doc>
<kw name="Submit the order">
<kw name="Click Button" library="RPA.Browser.Selenium">
<arg>order</arg>
<doc>Clicks the button identified by ``locator``.</doc>
<msg timestamp="20220629 15:51:48.085" level="INFO">Clicking button 'order'.</msg>
<status status="PASS" starttime="20220629 15:51:48.084" endtime="20220629 15:51:48.304"/>
</kw>
<status status="PASS" starttime="20220629 15:51:48.084" endtime="20220629 15:51:48.305"/>
</kw>
<status status="PASS" starttime="20220629 15:51:48.084" endtime="20220629 15:51:48.305"/>
</kw>
<kw name="Wait Until Keyword Succeeds" library="BuiltIn">
<var>${pdf}</var>
<arg>${retry_max}</arg>
<arg>${retry_interval}</arg>
<arg>Store the receipt as a PDF file</arg>
<arg>${row}[Order number]</arg>
<doc>Runs the specified keyword and retries if it fails.</doc>
<kw name="Store the receipt as a PDF file">
<arg>${row}[Order number]</arg>
<kw name="Does File Exist" library="RPA.FileSystem">
<var>${file_found}</var>
<arg>${receipts_path}${/}${order_number}.pdf</arg>
<doc>Returns True if the given file exists, False if not.</doc>
<msg timestamp="20220629 15:51:48.308" level="INFO">${file_found} = True</msg>
<status status="PASS" starttime="20220629 15:51:48.306" endtime="20220629 15:51:48.308"/>
</kw>
<if>
<branch type="IF" condition="${file_found} == ${True}">
<kw name="Remove File" library="RPA.FileSystem">
<arg>${receipts_path}${/}${order_number}.pdf</arg>
<doc>Removes the given file.</doc>
<status status="PASS" starttime="20220629 15:51:48.309" endtime="20220629 15:51:48.310"/>
</kw>
<status status="PASS" starttime="20220629 15:51:48.309" endtime="20220629 15:51:48.310"/>
</branch>
<status status="PASS" starttime="20220629 15:51:48.308" endtime="20220629 15:51:48.310"/>
</if>
<kw name="Does Page Contain Element" library="RPA.Browser.Selenium">
<var>${alert_found}</var>
<arg>css:.alert.alert-danger</arg>
<doc>Does page contain expected element</doc>
<msg timestamp="20220629 15:51:48.316" level="INFO" html="true">Ran with keyword &lt;b&gt;Page Should Contain Element&lt;/b&gt; which returned error: &lt;i&gt;Page should have contained element 'css:.alert.alert-danger' but did not.&lt;/i&gt;</msg>
<msg timestamp="20220629 15:51:48.316" level="INFO">${alert_found} = False</msg>
<status status="PASS" starttime="20220629 15:51:48.310" endtime="20220629 15:51:48.317"/>
</kw>
<if>
<branch type="IF" condition="${alert_found} == ${True}">
<kw name="Preview the robot">
<status status="NOT RUN" starttime="20220629 15:51:48.317" endtime="20220629 15:51:48.317"/>
</kw>
<kw name="Submit the order">
<status status="NOT RUN" starttime="20220629 15:51:48.317" endtime="20220629 15:51:48.318"/>
</kw>
<status status="NOT RUN" starttime="20220629 15:51:48.317" endtime="20220629 15:51:48.318"/>
</branch>
<status status="PASS" starttime="20220629 15:51:48.317" endtime="20220629 15:51:48.318"/>
</if>
<kw name="Wait Until Element Is Visible" library="RPA.Browser.Selenium">
<arg>id:receipt</arg>
<arg>timeout=${retry_timeout}</arg>
<arg>error=Receipt data either not loaded or order not submitted correctly</arg>
<doc>Waits until the element ``locator`` is visible.</doc>
<status status="PASS" starttime="20220629 15:51:48.318" endtime="20220629 15:51:48.332"/>
</kw>
<kw name="Get Element Attribute" library="RPA.Browser.Selenium">
<var>${receipt_results_html}</var>
<arg>id:receipt</arg>
<arg>outerHTML</arg>
<doc>Returns the value of ``attribute`` from the element ``locator``.</doc>
<msg timestamp="20220629 15:51:48.341" level="INFO">${receipt_results_html} = &lt;div id="receipt" class="alert alert-success" role="alert"&gt;&lt;h3&gt;Receipt&lt;/h3&gt;&lt;div&gt;2022-06-29T10:21:48.100Z&lt;/div&gt;&lt;p class="badge badge-success"&gt;RSB-ROBO-ORDER-EWE1BAR40G&lt;/p&gt;&lt;p&gt;Address 789&lt;/p&gt;&lt;div id="par...</msg>
<status status="PASS" starttime="20220629 15:51:48.332" endtime="20220629 15:51:48.341"/>
</kw>
<kw name="Html To Pdf" library="RPA.PDF">
<arg>${receipt_results_html}</arg>
<arg>${receipts_path}${/}${order_number}.pdf</arg>
<doc>Generate a PDF file from HTML content.</doc>
<msg timestamp="20220629 15:51:48.342" level="INFO">Writing output to file D:\Robocorp\BOTS\OrdersRobot\output\receipts\3.pdf</msg>
<status status="PASS" starttime="20220629 15:51:48.341" endtime="20220629 15:51:48.461"/>
</kw>
<return>
<value>${receipts_path}${/}${order_number}.pdf</value>
<status status="PASS" starttime="20220629 15:51:48.461" endtime="20220629 15:51:48.461"/>
</return>
<status status="PASS" starttime="20220629 15:51:48.306" endtime="20220629 15:51:48.461"/>
</kw>
<msg timestamp="20220629 15:51:48.461" level="INFO">${pdf} = d:\Robocorp\BOTS\OrdersRobot\output\receipts\3.pdf</msg>
<status status="PASS" starttime="20220629 15:51:48.305" endtime="20220629 15:51:48.461"/>
</kw>
<kw name="Wait Until Keyword Succeeds" library="BuiltIn">
<var>${screenshot}</var>
<arg>${retry_max}</arg>
<arg>${retry_interval}</arg>
<arg>Take a screenshot of the robot</arg>
<arg>${row}[Order number]</arg>
<doc>Runs the specified keyword and retries if it fails.</doc>
<kw name="Take a screenshot of the robot">
<arg>${row}[Order number]</arg>
<kw name="Does File Exist" library="RPA.FileSystem">
<var>${file_found}</var>
<arg>${screenshot_path}${/}${order_number}.jpg</arg>
<doc>Returns True if the given file exists, False if not.</doc>
<msg timestamp="20220629 15:51:48.464" level="INFO">${file_found} = True</msg>
<status status="PASS" starttime="20220629 15:51:48.463" endtime="20220629 15:51:48.464"/>
</kw>
<if>
<branch type="IF" condition="${file_found} == ${True}">
<kw name="Remove File" library="RPA.FileSystem">
<arg>${screenshot_path}${/}${order_number}.jpg</arg>
<doc>Removes the given file.</doc>
<status status="PASS" starttime="20220629 15:51:48.464" endtime="20220629 15:51:48.465"/>
</kw>
<status status="PASS" starttime="20220629 15:51:48.464" endtime="20220629 15:51:48.465"/>
</branch>
<status status="PASS" starttime="20220629 15:51:48.464" endtime="20220629 15:51:48.465"/>
</if>
<kw name="Take Screenshot Without Embedding" library="Screenshot">
<arg>${screenshot_path}${/}${order_number}.jpg</arg>
<doc>Takes a screenshot and links it from the log file.</doc>
<msg timestamp="20220629 15:51:48.517" level="INFO" html="true">Screenshot saved to '&lt;a href="screenshots/3.jpg"&gt;d:\Robocorp\BOTS\OrdersRobot\output\screenshots\3.jpg&lt;/a&gt;'.</msg>
<status status="PASS" starttime="20220629 15:51:48.465" endtime="20220629 15:51:48.517"/>
</kw>
<return>
<value>${screenshot_path}${/}${order_number}.jpg</value>
<status status="PASS" starttime="20220629 15:51:48.518" endtime="20220629 15:51:48.518"/>
</return>
<status status="PASS" starttime="20220629 15:51:48.462" endtime="20220629 15:51:48.518"/>
</kw>
<msg timestamp="20220629 15:51:48.518" level="INFO">${screenshot} = d:\Robocorp\BOTS\OrdersRobot\output\screenshots\3.jpg</msg>
<status status="PASS" starttime="20220629 15:51:48.462" endtime="20220629 15:51:48.518"/>
</kw>
<kw name="Wait Until Keyword Succeeds" library="BuiltIn">
<arg>${retry_max}</arg>
<arg>${retry_interval}</arg>
<arg>Embed the robot screenshot to the receipt PDF file</arg>
<arg>${screenshot}</arg>
<arg>${pdf}</arg>
<doc>Runs the specified keyword and retries if it fails.</doc>
<kw name="Embed the robot screenshot to the receipt PDF file">
<arg>${screenshot}</arg>
<arg>${pdf}</arg>
<kw name="Close All Pdfs" library="RPA.PDF">
<doc>Close all opened PDF file descriptors.</doc>
<status status="PASS" starttime="20220629 15:51:48.520" endtime="20220629 15:51:48.520"/>
</kw>
<kw name="Open Pdf" library="RPA.PDF">
<arg>${pdf}</arg>
<doc>Open a PDF document for reading.</doc>
<status status="PASS" starttime="20220629 15:51:48.520" endtime="20220629 15:51:48.521"/>
</kw>
<kw name="Add Watermark Image To Pdf" library="RPA.PDF">
<arg>${screenshot}</arg>
<arg>${pdf}</arg>
<doc>Add an image into an existing or new PDF.</doc>
<status status="PASS" starttime="20220629 15:51:48.521" endtime="20220629 15:51:48.556"/>
</kw>
<kw name="Close All Pdfs" library="RPA.PDF">
<doc>Close all opened PDF file descriptors.</doc>
<msg timestamp="20220629 15:51:48.556" level="INFO">Closing PDF document: D:\Robocorp\BOTS\OrdersRobot\output\receipts\3.pdf</msg>
<status status="PASS" starttime="20220629 15:51:48.556" endtime="20220629 15:51:48.557"/>
</kw>
<status status="PASS" starttime="20220629 15:51:48.519" endtime="20220629 15:51:48.557"/>
</kw>
<status status="PASS" starttime="20220629 15:51:48.519" endtime="20220629 15:51:48.557"/>
</kw>
<kw name="Wait Until Keyword Succeeds" library="BuiltIn">
<arg>${retry_max}</arg>
<arg>${retry_interval}</arg>
<arg>Go to order another robot</arg>
<doc>Runs the specified keyword and retries if it fails.</doc>
<kw name="Go to order another robot">
<kw name="Click Element If Visible" library="RPA.Browser.Selenium">
<arg>order-another</arg>
<doc>Click element if it is visible</doc>
<msg timestamp="20220629 15:51:48.571" level="INFO">Element 'order-another' is displayed.</msg>
<msg timestamp="20220629 15:51:48.571" level="INFO">Clicking element 'order-another'.</msg>
<status status="PASS" starttime="20220629 15:51:48.558" endtime="20220629 15:51:48.686"/>
</kw>
<status status="PASS" starttime="20220629 15:51:48.557" endtime="20220629 15:51:48.687"/>
</kw>
<status status="PASS" starttime="20220629 15:51:48.557" endtime="20220629 15:51:48.687"/>
</kw>
<status status="PASS" starttime="20220629 15:51:47.032" endtime="20220629 15:51:48.688"/>
</iter>
<iter>
<var name="${row}">{'Order number': '4', 'Head': '2', 'Body': '3', 'Legs': '2', 'Address': 'Address 1'}</var>
<kw name="Wait Until Keyword Succeeds" library="BuiltIn">
<arg>${retry_max}</arg>
<arg>${retry_interval}</arg>
<arg>Close the annoying modal</arg>
<doc>Runs the specified keyword and retries if it fails.</doc>
<kw name="Close the annoying modal">
<kw name="Click Element If Visible" library="RPA.Browser.Selenium">
<arg>css:.btn.btn-dark</arg>
<doc>Click element if it is visible</doc>
<msg timestamp="20220629 15:51:48.714" level="INFO">Element 'css:.btn.btn-dark' is displayed.</msg>
<msg timestamp="20220629 15:51:48.714" level="INFO">Clicking element 'css:.btn.btn-dark'.</msg>
<status status="PASS" starttime="20220629 15:51:48.690" endtime="20220629 15:51:48.927"/>
</kw>
<status status="PASS" starttime="20220629 15:51:48.689" endtime="20220629 15:51:48.927"/>
</kw>
<status status="PASS" starttime="20220629 15:51:48.688" endtime="20220629 15:51:48.928"/>
</kw>
<kw name="Wait Until Keyword Succeeds" library="BuiltIn">
<arg>${retry_max}</arg>
<arg>${retry_interval}</arg>
<arg>Fill the form</arg>
<arg>${row}</arg>
<doc>Runs the specified keyword and retries if it fails.</doc>
<kw name="Fill the form">
<arg>${row}</arg>
<kw name="Select From List By Value" library="RPA.Browser.Selenium">
<arg>head</arg>
<arg>${row}[Head]</arg>
<doc>Selects options from selection list ``locator`` by ``values``.</doc>
<msg timestamp="20220629 15:51:48.930" level="INFO">Selecting options from selection list 'head' by value 2.</msg>
<status status="PASS" starttime="20220629 15:51:48.929" endtime="20220629 15:51:49.157"/>
</kw>
<kw name="Select Radio Button" library="RPA.Browser.Selenium">
<arg>body</arg>
<arg>${row}[Body]</arg>
<doc>Sets the radio button group ``group_name`` to ``value``.</doc>
<msg timestamp="20220629 15:51:49.157" level="INFO">Selecting '3' from radio button 'body'.</msg>
<status status="PASS" starttime="20220629 15:51:49.157" endtime="20220629 15:51:49.370"/>
</kw>
<kw name="Input Text When Element Is Visible" library="RPA.Browser.Selenium">
<arg>css:.form-control</arg>
<arg>${row}[Legs]</arg>
<doc>Input text into locator after it has become visible.</doc>
<msg timestamp="20220629 15:51:49.385" level="INFO">Typing text '2' into text field 'css:.form-control'.</msg>
<status status="PASS" starttime="20220629 15:51:49.370" endtime="20220629 15:51:49.412"/>
</kw>
<kw name="Input Text When Element Is Visible" library="RPA.Browser.Selenium">
<arg>address</arg>
<arg>${row}[Address]</arg>
<doc>Input text into locator after it has become visible.</doc>
<msg timestamp="20220629 15:51:49.436" level="INFO">Typing text 'Address 1' into text field 'address'.</msg>
<status status="PASS" starttime="20220629 15:51:49.412" endtime="20220629 15:51:49.472"/>
</kw>
<status status="PASS" starttime="20220629 15:51:48.929" endtime="20220629 15:51:49.473"/>
</kw>
<status status="PASS" starttime="20220629 15:51:48.928" endtime="20220629 15:51:49.473"/>
</kw>
<kw name="Wait Until Keyword Succeeds" library="BuiltIn">
<arg>${retry_max}</arg>
<arg>${retry_interval}</arg>
<arg>Preview the robot</arg>
<doc>Runs the specified keyword and retries if it fails.</doc>
<kw name="Preview the robot">
<kw name="Click Button" library="RPA.Browser.Selenium">
<arg>preview</arg>
<doc>Clicks the button identified by ``locator``.</doc>
<msg timestamp="20220629 15:51:49.475" level="INFO">Clicking button 'preview'.</msg>
<status status="PASS" starttime="20220629 15:51:49.475" endtime="20220629 15:51:49.709"/>
</kw>
<status status="PASS" starttime="20220629 15:51:49.474" endtime="20220629 15:51:49.710"/>
</kw>
<status status="PASS" starttime="20220629 15:51:49.474" endtime="20220629 15:51:49.710"/>
</kw>
<kw name="Wait Until Keyword Succeeds" library="BuiltIn">
<arg>${retry_max}</arg>
<arg>${retry_interval}</arg>
<arg>Submit the order</arg>
<doc>Runs the specified keyword and retries if it fails.</doc>
<kw name="Submit the order">
<kw name="Click Button" library="RPA.Browser.Selenium">
<arg>order</arg>
<doc>Clicks the button identified by ``locator``.</doc>
<msg timestamp="20220629 15:51:49.715" level="INFO">Clicking button 'order'.</msg>
<status status="PASS" starttime="20220629 15:51:49.713" endtime="20220629 15:51:49.962"/>
</kw>
<status status="PASS" starttime="20220629 15:51:49.713" endtime="20220629 15:51:49.963"/>
</kw>
<status status="PASS" starttime="20220629 15:51:49.711" endtime="20220629 15:51:49.963"/>
</kw>
<kw name="Wait Until Keyword Succeeds" library="BuiltIn">
<var>${pdf}</var>
<arg>${retry_max}</arg>
<arg>${retry_interval}</arg>
<arg>Store the receipt as a PDF file</arg>
<arg>${row}[Order number]</arg>
<doc>Runs the specified keyword and retries if it fails.</doc>
<kw name="Store the receipt as a PDF file">
<arg>${row}[Order number]</arg>
<kw name="Does File Exist" library="RPA.FileSystem">
<var>${file_found}</var>
<arg>${receipts_path}${/}${order_number}.pdf</arg>
<doc>Returns True if the given file exists, False if not.</doc>
<msg timestamp="20220629 15:51:49.967" level="INFO">${file_found} = True</msg>
<status status="PASS" starttime="20220629 15:51:49.965" endtime="20220629 15:51:49.967"/>
</kw>
<if>
<branch type="IF" condition="${file_found} == ${True}">
<kw name="Remove File" library="RPA.FileSystem">
<arg>${receipts_path}${/}${order_number}.pdf</arg>
<doc>Removes the given file.</doc>
<status status="PASS" starttime="20220629 15:51:49.967" endtime="20220629 15:51:49.969"/>
</kw>
<status status="PASS" starttime="20220629 15:51:49.967" endtime="20220629 15:51:49.969"/>
</branch>
<status status="PASS" starttime="20220629 15:51:49.967" endtime="20220629 15:51:49.969"/>
</if>
<kw name="Does Page Contain Element" library="RPA.Browser.Selenium">
<var>${alert_found}</var>
<arg>css:.alert.alert-danger</arg>
<doc>Does page contain expected element</doc>
<msg timestamp="20220629 15:51:49.974" level="INFO">Current page contains element 'css:.alert.alert-danger'.</msg>
<msg timestamp="20220629 15:51:49.974" level="INFO">${alert_found} = True</msg>
<status status="PASS" starttime="20220629 15:51:49.970" endtime="20220629 15:51:49.974"/>
</kw>
<if>
<branch type="IF" condition="${alert_found} == ${True}">
<kw name="Preview the robot">
<kw name="Click Button" library="RPA.Browser.Selenium">
<arg>preview</arg>
<doc>Clicks the button identified by ``locator``.</doc>
<msg timestamp="20220629 15:51:49.976" level="INFO">Clicking button 'preview'.</msg>
<status status="PASS" starttime="20220629 15:51:49.976" endtime="20220629 15:51:50.201"/>
</kw>
<status status="PASS" starttime="20220629 15:51:49.975" endtime="20220629 15:51:50.201"/>
</kw>
<kw name="Submit the order">
<kw name="Click Button" library="RPA.Browser.Selenium">
<arg>order</arg>
<doc>Clicks the button identified by ``locator``.</doc>
<msg timestamp="20220629 15:51:50.202" level="INFO">Clicking button 'order'.</msg>
<status status="PASS" starttime="20220629 15:51:50.202" endtime="20220629 15:51:50.432"/>
</kw>
<status status="PASS" starttime="20220629 15:51:50.201" endtime="20220629 15:51:50.432"/>
</kw>
<status status="PASS" starttime="20220629 15:51:49.974" endtime="20220629 15:51:50.433"/>
</branch>
<status status="PASS" starttime="20220629 15:51:49.974" endtime="20220629 15:51:50.433"/>
</if>
<kw name="Wait Until Element Is Visible" library="RPA.Browser.Selenium">
<arg>id:receipt</arg>
<arg>timeout=${retry_timeout}</arg>
<arg>error=Receipt data either not loaded or order not submitted correctly</arg>
<doc>Waits until the element ``locator`` is visible.</doc>
<status status="PASS" starttime="20220629 15:51:50.433" endtime="20220629 15:52:05.365"/>
</kw>
<kw name="Get Element Attribute" library="RPA.Browser.Selenium">
<var>${receipt_results_html}</var>
<arg>id:receipt</arg>
<arg>outerHTML</arg>
<doc>Returns the value of ``attribute`` from the element ``locator``.</doc>
<msg timestamp="20220629 15:52:05.374" level="INFO">${receipt_results_html} = &lt;div id="receipt" class="alert alert-success" role="alert"&gt;&lt;h3&gt;Receipt&lt;/h3&gt;&lt;div&gt;2022-06-29T10:22:05.171Z&lt;/div&gt;&lt;p class="badge badge-success"&gt;RSB-ROBO-ORDER-ZR7L6BRDHI&lt;/p&gt;&lt;p&gt;Address 1&lt;/p&gt;&lt;div id="parts...</msg>
<status status="PASS" starttime="20220629 15:52:05.365" endtime="20220629 15:52:05.374"/>
</kw>
<kw name="Html To Pdf" library="RPA.PDF">
<arg>${receipt_results_html}</arg>
<arg>${receipts_path}${/}${order_number}.pdf</arg>
<doc>Generate a PDF file from HTML content.</doc>
<msg timestamp="20220629 15:52:05.376" level="INFO">Writing output to file D:\Robocorp\BOTS\OrdersRobot\output\receipts\4.pdf</msg>
<status status="PASS" starttime="20220629 15:52:05.375" endtime="20220629 15:52:05.557"/>
</kw>
<return>
<value>${receipts_path}${/}${order_number}.pdf</value>
<status status="PASS" starttime="20220629 15:52:05.557" endtime="20220629 15:52:05.557"/>
</return>
<status status="PASS" starttime="20220629 15:51:49.964" endtime="20220629 15:52:05.557"/>
</kw>
<msg timestamp="20220629 15:52:05.557" level="INFO">${pdf} = d:\Robocorp\BOTS\OrdersRobot\output\receipts\4.pdf</msg>
<status status="PASS" starttime="20220629 15:51:49.963" endtime="20220629 15:52:05.558"/>
</kw>
<kw name="Wait Until Keyword Succeeds" library="BuiltIn">
<var>${screenshot}</var>
<arg>${retry_max}</arg>
<arg>${retry_interval}</arg>
<arg>Take a screenshot of the robot</arg>
<arg>${row}[Order number]</arg>
<doc>Runs the specified keyword and retries if it fails.</doc>
<kw name="Take a screenshot of the robot">
<arg>${row}[Order number]</arg>
<kw name="Does File Exist" library="RPA.FileSystem">
<var>${file_found}</var>
<arg>${screenshot_path}${/}${order_number}.jpg</arg>
<doc>Returns True if the given file exists, False if not.</doc>
<msg timestamp="20220629 15:52:05.560" level="INFO">${file_found} = True</msg>
<status status="PASS" starttime="20220629 15:52:05.559" endtime="20220629 15:52:05.560"/>
</kw>
<if>
<branch type="IF" condition="${file_found} == ${True}">
<kw name="Remove File" library="RPA.FileSystem">
<arg>${screenshot_path}${/}${order_number}.jpg</arg>
<doc>Removes the given file.</doc>
<status status="PASS" starttime="20220629 15:52:05.560" endtime="20220629 15:52:05.561"/>
</kw>
<status status="PASS" starttime="20220629 15:52:05.560" endtime="20220629 15:52:05.561"/>
</branch>
<status status="PASS" starttime="20220629 15:52:05.560" endtime="20220629 15:52:05.561"/>
</if>
<kw name="Take Screenshot Without Embedding" library="Screenshot">
<arg>${screenshot_path}${/}${order_number}.jpg</arg>
<doc>Takes a screenshot and links it from the log file.</doc>
<msg timestamp="20220629 15:52:05.615" level="INFO" html="true">Screenshot saved to '&lt;a href="screenshots/4.jpg"&gt;d:\Robocorp\BOTS\OrdersRobot\output\screenshots\4.jpg&lt;/a&gt;'.</msg>
<status status="PASS" starttime="20220629 15:52:05.562" endtime="20220629 15:52:05.615"/>
</kw>
<return>
<value>${screenshot_path}${/}${order_number}.jpg</value>
<status status="PASS" starttime="20220629 15:52:05.615" endtime="20220629 15:52:05.616"/>
</return>
<status status="PASS" starttime="20220629 15:52:05.558" endtime="20220629 15:52:05.616"/>
</kw>
<msg timestamp="20220629 15:52:05.616" level="INFO">${screenshot} = d:\Robocorp\BOTS\OrdersRobot\output\screenshots\4.jpg</msg>
<status status="PASS" starttime="20220629 15:52:05.558" endtime="20220629 15:52:05.616"/>
</kw>
<kw name="Wait Until Keyword Succeeds" library="BuiltIn">
<arg>${retry_max}</arg>
<arg>${retry_interval}</arg>
<arg>Embed the robot screenshot to the receipt PDF file</arg>
<arg>${screenshot}</arg>
<arg>${pdf}</arg>
<doc>Runs the specified keyword and retries if it fails.</doc>
<kw name="Embed the robot screenshot to the receipt PDF file">
<arg>${screenshot}</arg>
<arg>${pdf}</arg>
<kw name="Close All Pdfs" library="RPA.PDF">
<doc>Close all opened PDF file descriptors.</doc>
<status status="PASS" starttime="20220629 15:52:05.617" endtime="20220629 15:52:05.617"/>
</kw>
<kw name="Open Pdf" library="RPA.PDF">
<arg>${pdf}</arg>
<doc>Open a PDF document for reading.</doc>
<status status="PASS" starttime="20220629 15:52:05.618" endtime="20220629 15:52:05.619"/>
</kw>
<kw name="Add Watermark Image To Pdf" library="RPA.PDF">
<arg>${screenshot}</arg>
<arg>${pdf}</arg>
<doc>Add an image into an existing or new PDF.</doc>
<status status="PASS" starttime="20220629 15:52:05.619" endtime="20220629 15:52:05.655"/>
</kw>
<kw name="Close All Pdfs" library="RPA.PDF">
<doc>Close all opened PDF file descriptors.</doc>
<msg timestamp="20220629 15:52:05.655" level="INFO">Closing PDF document: D:\Robocorp\BOTS\OrdersRobot\output\receipts\4.pdf</msg>
<status status="PASS" starttime="20220629 15:52:05.655" endtime="20220629 15:52:05.655"/>
</kw>
<status status="PASS" starttime="20220629 15:52:05.617" endtime="20220629 15:52:05.655"/>
</kw>
<status status="PASS" starttime="20220629 15:52:05.616" endtime="20220629 15:52:05.656"/>
</kw>
<kw name="Wait Until Keyword Succeeds" library="BuiltIn">
<arg>${retry_max}</arg>
<arg>${retry_interval}</arg>
<arg>Go to order another robot</arg>
<doc>Runs the specified keyword and retries if it fails.</doc>
<kw name="Go to order another robot">
<kw name="Click Element If Visible" library="RPA.Browser.Selenium">
<arg>order-another</arg>
<doc>Click element if it is visible</doc>
<msg timestamp="20220629 15:52:05.672" level="INFO">Element 'order-another' is displayed.</msg>
<msg timestamp="20220629 15:52:05.672" level="INFO">Clicking element 'order-another'.</msg>
<status status="PASS" starttime="20220629 15:52:05.656" endtime="20220629 15:52:05.792"/>
</kw>
<status status="PASS" starttime="20220629 15:52:05.656" endtime="20220629 15:52:05.793"/>
</kw>
<status status="PASS" starttime="20220629 15:52:05.656" endtime="20220629 15:52:05.793"/>
</kw>
<status status="PASS" starttime="20220629 15:51:48.688" endtime="20220629 15:52:05.793"/>
</iter>
<iter>
<var name="${row}">{'Order number': '5', 'Head': '3', 'Body': '5', 'Legs': '1', 'Address': 'Address 2'}</var>
<kw name="Wait Until Keyword Succeeds" library="BuiltIn">
<arg>${retry_max}</arg>
<arg>${retry_interval}</arg>
<arg>Close the annoying modal</arg>
<doc>Runs the specified keyword and retries if it fails.</doc>
<kw name="Close the annoying modal">
<kw name="Click Element If Visible" library="RPA.Browser.Selenium">
<arg>css:.btn.btn-dark</arg>
<doc>Click element if it is visible</doc>
<msg timestamp="20220629 15:52:05.822" level="INFO">Element 'css:.btn.btn-dark' is displayed.</msg>
<msg timestamp="20220629 15:52:05.822" level="INFO">Clicking element 'css:.btn.btn-dark'.</msg>
<status status="PASS" starttime="20220629 15:52:05.795" endtime="20220629 15:52:06.039"/>
</kw>
<status status="PASS" starttime="20220629 15:52:05.794" endtime="20220629 15:52:06.039"/>
</kw>
<status status="PASS" starttime="20220629 15:52:05.794" endtime="20220629 15:52:06.040"/>
</kw>
<kw name="Wait Until Keyword Succeeds" library="BuiltIn">
<arg>${retry_max}</arg>
<arg>${retry_interval}</arg>
<arg>Fill the form</arg>
<arg>${row}</arg>
<doc>Runs the specified keyword and retries if it fails.</doc>
<kw name="Fill the form">
<arg>${row}</arg>
<kw name="Select From List By Value" library="RPA.Browser.Selenium">
<arg>head</arg>
<arg>${row}[Head]</arg>
<doc>Selects options from selection list ``locator`` by ``values``.</doc>
<msg timestamp="20220629 15:52:06.041" level="INFO">Selecting options from selection list 'head' by value 3.</msg>
<status status="PASS" starttime="20220629 15:52:06.041" endtime="20220629 15:52:06.275"/>
</kw>
<kw name="Select Radio Button" library="RPA.Browser.Selenium">
<arg>body</arg>
<arg>${row}[Body]</arg>
<doc>Sets the radio button group ``group_name`` to ``value``.</doc>
<msg timestamp="20220629 15:52:06.277" level="INFO">Selecting '5' from radio button 'body'.</msg>
<status status="PASS" starttime="20220629 15:52:06.276" endtime="20220629 15:52:06.510"/>
</kw>
<kw name="Input Text When Element Is Visible" library="RPA.Browser.Selenium">
<arg>css:.form-control</arg>
<arg>${row}[Legs]</arg>
<doc>Input text into locator after it has become visible.</doc>
<msg timestamp="20220629 15:52:06.525" level="INFO">Typing text '1' into text field 'css:.form-control'.</msg>
<status status="PASS" starttime="20220629 15:52:06.510" endtime="20220629 15:52:06.543"/>
</kw>
<kw name="Input Text When Element Is Visible" library="RPA.Browser.Selenium">
<arg>address</arg>
<arg>${row}[Address]</arg>
<doc>Input text into locator after it has become visible.</doc>
<msg timestamp="20220629 15:52:06.560" level="INFO">Typing text 'Address 2' into text field 'address'.</msg>
<status status="PASS" starttime="20220629 15:52:06.544" endtime="20220629 15:52:06.589"/>
</kw>
<status status="PASS" starttime="20220629 15:52:06.040" endtime="20220629 15:52:06.590"/>
</kw>
<status status="PASS" starttime="20220629 15:52:06.040" endtime="20220629 15:52:06.590"/>
</kw>
<kw name="Wait Until Keyword Succeeds" library="BuiltIn">
<arg>${retry_max}</arg>
<arg>${retry_interval}</arg>
<arg>Preview the robot</arg>
<doc>Runs the specified keyword and retries if it fails.</doc>
<kw name="Preview the robot">
<kw name="Click Button" library="RPA.Browser.Selenium">
<arg>preview</arg>
<doc>Clicks the button identified by ``locator``.</doc>
<msg timestamp="20220629 15:52:06.593" level="INFO">Clicking button 'preview'.</msg>
<status status="PASS" starttime="20220629 15:52:06.592" endtime="20220629 15:52:06.824"/>
</kw>
<status status="PASS" starttime="20220629 15:52:06.591" endtime="20220629 15:52:06.824"/>
</kw>
<status status="PASS" starttime="20220629 15:52:06.591" endtime="20220629 15:52:06.824"/>
</kw>
<kw name="Wait Until Keyword Succeeds" library="BuiltIn">
<arg>${retry_max}</arg>
<arg>${retry_interval}</arg>
<arg>Submit the order</arg>
<doc>Runs the specified keyword and retries if it fails.</doc>
<kw name="Submit the order">
<kw name="Click Button" library="RPA.Browser.Selenium">
<arg>order</arg>
<doc>Clicks the button identified by ``locator``.</doc>
<msg timestamp="20220629 15:52:06.826" level="INFO">Clicking button 'order'.</msg>
<status status="PASS" starttime="20220629 15:52:06.825" endtime="20220629 15:52:07.046"/>
</kw>
<status status="PASS" starttime="20220629 15:52:06.825" endtime="20220629 15:52:07.046"/>
</kw>
<status status="PASS" starttime="20220629 15:52:06.824" endtime="20220629 15:52:07.046"/>
</kw>
<kw name="Wait Until Keyword Succeeds" library="BuiltIn">
<var>${pdf}</var>
<arg>${retry_max}</arg>
<arg>${retry_interval}</arg>
<arg>Store the receipt as a PDF file</arg>
<arg>${row}[Order number]</arg>
<doc>Runs the specified keyword and retries if it fails.</doc>
<kw name="Store the receipt as a PDF file">
<arg>${row}[Order number]</arg>
<kw name="Does File Exist" library="RPA.FileSystem">
<var>${file_found}</var>
<arg>${receipts_path}${/}${order_number}.pdf</arg>
<doc>Returns True if the given file exists, False if not.</doc>
<msg timestamp="20220629 15:52:07.049" level="INFO">${file_found} = True</msg>
<status status="PASS" starttime="20220629 15:52:07.048" endtime="20220629 15:52:07.049"/>
</kw>
<if>
<branch type="IF" condition="${file_found} == ${True}">
<kw name="Remove File" library="RPA.FileSystem">
<arg>${receipts_path}${/}${order_number}.pdf</arg>
<doc>Removes the given file.</doc>
<status status="PASS" starttime="20220629 15:52:07.049" endtime="20220629 15:52:07.050"/>
</kw>
<status status="PASS" starttime="20220629 15:52:07.049" endtime="20220629 15:52:07.050"/>
</branch>
<status status="PASS" starttime="20220629 15:52:07.049" endtime="20220629 15:52:07.050"/>
</if>
<kw name="Does Page Contain Element" library="RPA.Browser.Selenium">
<var>${alert_found}</var>
<arg>css:.alert.alert-danger</arg>
<doc>Does page contain expected element</doc>
<msg timestamp="20220629 15:52:07.053" level="INFO">Current page contains element 'css:.alert.alert-danger'.</msg>
[...]
</kw>
<kw name="Wait Until Keyword Succeeds" library="BuiltIn">
<var>${screenshot}</var>
<arg>${retry_max}</arg>
<arg>${retry_interval}</arg>
<arg>Take a screenshot of the robot</arg>
<arg>${row}[Order number]</arg>
<doc>Runs the specified keyword and retries if it fails.</doc>
<kw name="Take a screenshot of the robot">
<arg>${row}[Order number]</arg>
<kw name="Does File Exist" library="RPA.FileSystem">
<var>${file_found}</var>
<arg>${screenshot_path}${/}${order_number}.jpg</arg>
<doc>Returns True if the given file exists, False if not.</doc>
<msg timestamp="20220629 15:52:31.373" level="INFO">${file_found} = True</msg>
<status status="PASS" starttime="20220629 15:52:31.371" endtime="20220629 15:52:31.373"/>
</kw>
<if>
<branch type="IF" condition="${file_found} == ${True}">
<kw name="Remove File" library="RPA.FileSystem">
<arg>${screenshot_path}${/}${order_number}.jpg</arg>
<doc>Removes the given file.</doc>
<status status="PASS" starttime="20220629 15:52:31.373" endtime="20220629 15:52:31.374"/>
</kw>
<status status="PASS" starttime="20220629 15:52:31.373" endtime="20220629 15:52:31.374"/>
</branch>
<status status="PASS" starttime="20220629 15:52:31.373" endtime="20220629 15:52:31.374"/>
</if>
<kw name="Take Screenshot Without Embedding" library="Screenshot">
<arg>${screenshot_path}${/}${order_number}.jpg</arg>
<doc>Takes a screenshot and links it from the log file.</doc>
<msg timestamp="20220629 15:52:31.427" level="INFO" html="true">Screenshot saved to '&lt;a href="screenshots/19.jpg"&gt;d:\Robocorp\BOTS\OrdersRobot\output\screenshots\19.jpg&lt;/a&gt;'.</msg>
<status status="PASS" starttime="20220629 15:52:31.374" endtime="20220629 15:52:31.427"/>
</kw>
<return>
<value>${screenshot_path}${/}${order_number}.jpg</value>
<status status="PASS" starttime="20220629 15:52:31.427" endtime="20220629 15:52:31.427"/>
</return>
<status status="PASS" starttime="20220629 15:52:31.371" endtime="20220629 15:52:31.428"/>
</kw>
<msg timestamp="20220629 15:52:31.428" level="INFO">${screenshot} = d:\Robocorp\BOTS\OrdersRobot\output\screenshots\19.jpg</msg>
<status status="PASS" starttime="20220629 15:52:31.370" endtime="20220629 15:52:31.428"/>
</kw>
<kw name="Wait Until Keyword Succeeds" library="BuiltIn">
<arg>${retry_max}</arg>
<arg>${retry_interval}</arg>
<arg>Embed the robot screenshot to the receipt PDF file</arg>
<arg>${screenshot}</arg>
<arg>${pdf}</arg>
<doc>Runs the specified keyword and retries if it fails.</doc>
<kw name="Embed the robot screenshot to the receipt PDF file">
<arg>${screenshot}</arg>
<arg>${pdf}</arg>
<kw name="Close All Pdfs" library="RPA.PDF">
<doc>Close all opened PDF file descriptors.</doc>
<status status="PASS" starttime="20220629 15:52:31.429" endtime="20220629 15:52:31.429"/>
</kw>
<kw name="Open Pdf" library="RPA.PDF">
<arg>${pdf}</arg>
<doc>Open a PDF document for reading.</doc>
<status status="PASS" starttime="20220629 15:52:31.429" endtime="20220629 15:52:31.430"/>
</kw>
<kw name="Add Watermark Image To Pdf" library="RPA.PDF">
<arg>${screenshot}</arg>
<arg>${pdf}</arg>
<doc>Add an image into an existing or new PDF.</doc>
<status status="PASS" starttime="20220629 15:52:31.430" endtime="20220629 15:52:31.506"/>
</kw>
<kw name="Close All Pdfs" library="RPA.PDF">
<doc>Close all opened PDF file descriptors.</doc>
<msg timestamp="20220629 15:52:31.508" level="INFO">Closing PDF document: D:\Robocorp\BOTS\OrdersRobot\output\receipts\19.pdf</msg>
<status status="PASS" starttime="20220629 15:52:31.507" endtime="20220629 15:52:31.508"/>
</kw>
<status status="PASS" starttime="20220629 15:52:31.429" endtime="20220629 15:52:31.508"/>
</kw>
<status status="PASS" starttime="20220629 15:52:31.428" endtime="20220629 15:52:31.508"/>
</kw>
<kw name="Wait Until Keyword Succeeds" library="BuiltIn">
<arg>${retry_max}</arg>
<arg>${retry_interval}</arg>
<arg>Go to order another robot</arg>
<doc>Runs the specified keyword and retries if it fails.</doc>
<kw name="Go to order another robot">
<kw name="Click Element If Visible" library="RPA.Browser.Selenium">
<arg>order-another</arg>
<doc>Click element if it is visible</doc>
<msg timestamp="20220629 15:52:31.525" level="INFO">Element 'order-another' is displayed.</msg>
<msg timestamp="20220629 15:52:31.525" level="INFO">Clicking element 'order-another'.</msg>
<status status="PASS" starttime="20220629 15:52:31.510" endtime="20220629 15:52:32.014"/>
</kw>
<status status="PASS" starttime="20220629 15:52:31.509" endtime="20220629 15:52:32.014"/>
</kw>
<status status="PASS" starttime="20220629 15:52:31.509" endtime="20220629 15:52:32.015"/>
</kw>
<status status="PASS" starttime="20220629 15:52:29.965" endtime="20220629 15:52:32.015"/>
</iter>
<iter>
<var name="${row}">{'Order number': '20', 'Head': '1', 'Body': '1', 'Legs': '5', 'Address': 'Address H'}</var>
<kw name="Wait Until Keyword Succeeds" library="BuiltIn">
<arg>${retry_max}</arg>
<arg>${retry_interval}</arg>
<arg>Close the annoying modal</arg>
<doc>Runs the specified keyword and retries if it fails.</doc>
<kw name="Close the annoying modal">
<kw name="Click Element If Visible" library="RPA.Browser.Selenium">
<arg>css:.btn.btn-dark</arg>
<doc>Click element if it is visible</doc>
<msg timestamp="20220629 15:52:32.039" level="INFO">Element 'css:.btn.btn-dark' is displayed.</msg>
<msg timestamp="20220629 15:52:32.039" level="INFO">Clicking element 'css:.btn.btn-dark'.</msg>
<status status="PASS" starttime="20220629 15:52:32.017" endtime="20220629 15:52:32.253"/>
</kw>
<status status="PASS" starttime="20220629 15:52:32.016" endtime="20220629 15:52:32.254"/>
</kw>
<status status="PASS" starttime="20220629 15:52:32.016" endtime="20220629 15:52:32.254"/>
</kw>
<kw name="Wait Until Keyword Succeeds" library="BuiltIn">
<arg>${retry_max}</arg>
<arg>${retry_interval}</arg>
<arg>Fill the form</arg>
<arg>${row}</arg>
<doc>Runs the specified keyword and retries if it fails.</doc>
<kw name="Fill the form">
<arg>${row}</arg>
<kw name="Select From List By Value" library="RPA.Browser.Selenium">
<arg>head</arg>
<arg>${row}[Head]</arg>
<doc>Selects options from selection list ``locator`` by ``values``.</doc>
<msg timestamp="20220629 15:52:32.256" level="INFO">Selecting options from selection list 'head' by value 1.</msg>
<status status="PASS" starttime="20220629 15:52:32.255" endtime="20220629 15:52:32.485"/>
</kw>
<kw name="Select Radio Button" library="RPA.Browser.Selenium">
<arg>body</arg>
<arg>${row}[Body]</arg>
<doc>Sets the radio button group ``group_name`` to ``value``.</doc>
<msg timestamp="20220629 15:52:32.486" level="INFO">Selecting '1' from radio button 'body'.</msg>
<status status="PASS" starttime="20220629 15:52:32.486" endtime="20220629 15:52:32.709"/>
</kw>
<kw name="Input Text When Element Is Visible" library="RPA.Browser.Selenium">
<arg>css:.form-control</arg>
<arg>${row}[Legs]</arg>
<doc>Input text into locator after it has become visible.</doc>
<msg timestamp="20220629 15:52:32.740" level="INFO">Typing text '5' into text field 'css:.form-control'.</msg>
<status status="PASS" starttime="20220629 15:52:32.709" endtime="20220629 15:52:32.764"/>
</kw>
<kw name="Input Text When Element Is Visible" library="RPA.Browser.Selenium">
<arg>address</arg>
<arg>${row}[Address]</arg>
<doc>Input text into locator after it has become visible.</doc>
<msg timestamp="20220629 15:52:32.778" level="INFO">Typing text 'Address H' into text field 'address'.</msg>
<status status="PASS" starttime="20220629 15:52:32.764" endtime="20220629 15:52:32.803"/>
</kw>
<status status="PASS" starttime="20220629 15:52:32.255" endtime="20220629 15:52:32.803"/>
</kw>
<status status="PASS" starttime="20220629 15:52:32.254" endtime="20220629 15:52:32.803"/>
</kw>
<kw name="Wait Until Keyword Succeeds" library="BuiltIn">
<arg>${retry_max}</arg>
<arg>${retry_interval}</arg>
<arg>Preview the robot</arg>
<doc>Runs the specified keyword and retries if it fails.</doc>
<kw name="Preview the robot">
<kw name="Click Button" library="RPA.Browser.Selenium">
<arg>preview</arg>
<doc>Clicks the button identified by ``locator``.</doc>
<msg timestamp="20220629 15:52:32.806" level="INFO">Clicking button 'preview'.</msg>
<status status="PASS" starttime="20220629 15:52:32.806" endtime="20220629 15:52:33.034"/>
</kw>
<status status="PASS" starttime="20220629 15:52:32.805" endtime="20220629 15:52:33.034"/>
</kw>
<status status="PASS" starttime="20220629 15:52:32.804" endtime="20220629 15:52:33.034"/>
</kw>
<kw name="Wait Until Keyword Succeeds" library="BuiltIn">
<arg>${retry_max}</arg>
<arg>${retry_interval}</arg>
<arg>Submit the order</arg>
<doc>Runs the specified keyword and retries if it fails.</doc>
<kw name="Submit the order">
<kw name="Click Button" library="RPA.Browser.Selenium">
<arg>order</arg>
<doc>Clicks the button identified by ``locator``.</doc>
<msg timestamp="20220629 15:52:33.035" level="INFO">Clicking button 'order'.</msg>
<status status="PASS" starttime="20220629 15:52:33.035" endtime="20220629 15:52:33.255"/>
</kw>
<status status="PASS" starttime="20220629 15:52:33.035" endtime="20220629 15:52:33.255"/>
</kw>
<status status="PASS" starttime="20220629 15:52:33.034" endtime="20220629 15:52:33.257"/>
</kw>
<kw name="Wait Until Keyword Succeeds" library="BuiltIn">
<var>${pdf}</var>
<arg>${retry_max}</arg>
<arg>${retry_interval}</arg>
<arg>Store the receipt as a PDF file</arg>
<arg>${row}[Order number]</arg>
<doc>Runs the specified keyword and retries if it fails.</doc>
<kw name="Store the receipt as a PDF file">
<arg>${row}[Order number]</arg>
<kw name="Does File Exist" library="RPA.FileSystem">
<var>${file_found}</var>
<arg>${receipts_path}${/}${order_number}.pdf</arg>
<doc>Returns True if the given file exists, False if not.</doc>
<msg timestamp="20220629 15:52:33.259" level="INFO">${file_found} = True</msg>
<status status="PASS" starttime="20220629 15:52:33.258" endtime="20220629 15:52:33.259"/>
</kw>
<if>
<branch type="IF" condition="${file_found} == ${True}">
<kw name="Remove File" library="RPA.FileSystem">
<arg>${receipts_path}${/}${order_number}.pdf</arg>
<doc>Removes the given file.</doc>
<status status="PASS" starttime="20220629 15:52:33.259" endtime="20220629 15:52:33.260"/>
</kw>
<status status="PASS" starttime="20220629 15:52:33.259" endtime="20220629 15:52:33.260"/>
</branch>
<status status="PASS" starttime="20220629 15:52:33.259" endtime="20220629 15:52:33.260"/>
</if>
<kw name="Does Page Contain Element" library="RPA.Browser.Selenium">
<var>${alert_found}</var>
<arg>css:.alert.alert-danger</arg>
<doc>Does page contain expected element</doc>
<msg timestamp="20220629 15:52:33.266" level="INFO" html="true">Ran with keyword &lt;b&gt;Page Should Contain Element&lt;/b&gt; which returned error: &lt;i&gt;Page should have contained element 'css:.alert.alert-danger' but did not.&lt;/i&gt;</msg>
<msg timestamp="20220629 15:52:33.266" level="INFO">${alert_found} = False</msg>
<status status="PASS" starttime="20220629 15:52:33.260" endtime="20220629 15:52:33.266"/>
</kw>
<if>
<branch type="IF" condition="${alert_found} == ${True}">
<kw name="Preview the robot">
<status status="NOT RUN" starttime="20220629 15:52:33.267" endtime="20220629 15:52:33.267"/>
</kw>
<kw name="Submit the order">
<status status="NOT RUN" starttime="20220629 15:52:33.267" endtime="20220629 15:52:33.267"/>
</kw>
<status status="NOT RUN" starttime="20220629 15:52:33.266" endtime="20220629 15:52:33.267"/>
</branch>
<status status="PASS" starttime="20220629 15:52:33.266" endtime="20220629 15:52:33.267"/>
</if>
<kw name="Wait Until Element Is Visible" library="RPA.Browser.Selenium">
<arg>id:receipt</arg>
<arg>timeout=${retry_timeout}</arg>
<arg>error=Receipt data either not loaded or order not submitted correctly</arg>
<doc>Waits until the element ``locator`` is visible.</doc>
<status status="PASS" starttime="20220629 15:52:33.267" endtime="20220629 15:52:33.283"/>
</kw>
<kw name="Get Element Attribute" library="RPA.Browser.Selenium">
<var>${receipt_results_html}</var>
<arg>id:receipt</arg>
<arg>outerHTML</arg>
<doc>Returns the value of ``attribute`` from the element ``locator``.</doc>
<msg timestamp="20220629 15:52:33.291" level="INFO">${receipt_results_html} = &lt;div id="receipt" class="alert alert-success" role="alert"&gt;&lt;h3&gt;Receipt&lt;/h3&gt;&lt;div&gt;2022-06-29T10:22:33.052Z&lt;/div&gt;&lt;p class="badge badge-success"&gt;RSB-ROBO-ORDER-5NY4JGH30C&lt;/p&gt;&lt;p&gt;Address H&lt;/p&gt;&lt;div id="parts...</msg>
<status status="PASS" starttime="20220629 15:52:33.283" endtime="20220629 15:52:33.291"/>
</kw>
<kw name="Html To Pdf" library="RPA.PDF">
<arg>${receipt_results_html}</arg>
<arg>${receipts_path}${/}${order_number}.pdf</arg>
<doc>Generate a PDF file from HTML content.</doc>
<msg timestamp="20220629 15:52:33.293" level="INFO">Writing output to file D:\Robocorp\BOTS\OrdersRobot\output\receipts\20.pdf</msg>
<status status="PASS" starttime="20220629 15:52:33.292" endtime="20220629 15:52:33.412"/>
</kw>
<return>
<value>${receipts_path}${/}${order_number}.pdf</value>
<status status="PASS" starttime="20220629 15:52:33.412" endtime="20220629 15:52:33.412"/>
</return>
<status status="PASS" starttime="20220629 15:52:33.257" endtime="20220629 15:52:33.413"/>
</kw>
<msg timestamp="20220629 15:52:33.413" level="INFO">${pdf} = d:\Robocorp\BOTS\OrdersRobot\output\receipts\20.pdf</msg>
<status status="PASS" starttime="20220629 15:52:33.257" endtime="20220629 15:52:33.413"/>
</kw>
<kw name="Wait Until Keyword Succeeds" library="BuiltIn">
<var>${screenshot}</var>
<arg>${retry_max}</arg>
<arg>${retry_interval}</arg>
<arg>Take a screenshot of the robot</arg>
<arg>${row}[Order number]</arg>
<doc>Runs the specified keyword and retries if it fails.</doc>
<kw name="Take a screenshot of the robot">
<arg>${row}[Order number]</arg>
<kw name="Does File Exist" library="RPA.FileSystem">
<var>${file_found}</var>
<arg>${screenshot_path}${/}${order_number}.jpg</arg>
<doc>Returns True if the given file exists, False if not.</doc>
<msg timestamp="20220629 15:52:33.415" level="INFO">${file_found} = True</msg>
<status status="PASS" starttime="20220629 15:52:33.414" endtime="20220629 15:52:33.415"/>
</kw>
<if>
<branch type="IF" condition="${file_found} == ${True}">
<kw name="Remove File" library="RPA.FileSystem">
<arg>${screenshot_path}${/}${order_number}.jpg</arg>
<doc>Removes the given file.</doc>
<status status="PASS" starttime="20220629 15:52:33.416" endtime="20220629 15:52:33.417"/>
</kw>
<status status="PASS" starttime="20220629 15:52:33.416" endtime="20220629 15:52:33.417"/>
</branch>
<status status="PASS" starttime="20220629 15:52:33.415" endtime="20220629 15:52:33.417"/>
</if>
<kw name="Take Screenshot Without Embedding" library="Screenshot">
<arg>${screenshot_path}${/}${order_number}.jpg</arg>
<doc>Takes a screenshot and links it from the log file.</doc>
<msg timestamp="20220629 15:52:33.460" level="INFO" html="true">Screenshot saved to '&lt;a href="screenshots/20.jpg"&gt;d:\Robocorp\BOTS\OrdersRobot\output\screenshots\20.jpg&lt;/a&gt;'.</msg>
<status status="PASS" starttime="20220629 15:52:33.417" endtime="20220629 15:52:33.460"/>
</kw>
<return>
<value>${screenshot_path}${/}${order_number}.jpg</value>
<status status="PASS" starttime="20220629 15:52:33.461" endtime="20220629 15:52:33.461"/>
</return>
<status status="PASS" starttime="20220629 15:52:33.414" endtime="20220629 15:52:33.461"/>
</kw>
<msg timestamp="20220629 15:52:33.461" level="INFO">${screenshot} = d:\Robocorp\BOTS\OrdersRobot\output\screenshots\20.jpg</msg>
<status status="PASS" starttime="20220629 15:52:33.413" endtime="20220629 15:52:33.461"/>
</kw>
<kw name="Wait Until Keyword Succeeds" library="BuiltIn">
<arg>${retry_max}</arg>
<arg>${retry_interval}</arg>
<arg>Embed the robot screenshot to the receipt PDF file</arg>
<arg>${screenshot}</arg>
<arg>${pdf}</arg>
<doc>Runs the specified keyword and retries if it fails.</doc>
<kw name="Embed the robot screenshot to the receipt PDF file">
<arg>${screenshot}</arg>
<arg>${pdf}</arg>
<kw name="Close All Pdfs" library="RPA.PDF">
<doc>Close all opened PDF file descriptors.</doc>
<status status="PASS" starttime="20220629 15:52:33.463" endtime="20220629 15:52:33.463"/>
</kw>
<kw name="Open Pdf" library="RPA.PDF">
<arg>${pdf}</arg>
<doc>Open a PDF document for reading.</doc>
<status status="PASS" starttime="20220629 15:52:33.463" endtime="20220629 15:52:33.464"/>
</kw>
<kw name="Add Watermark Image To Pdf" library="RPA.PDF">
<arg>${screenshot}</arg>
<arg>${pdf}</arg>
<doc>Add an image into an existing or new PDF.</doc>
<status status="PASS" starttime="20220629 15:52:33.464" endtime="20220629 15:52:33.500"/>
</kw>
<kw name="Close All Pdfs" library="RPA.PDF">
<doc>Close all opened PDF file descriptors.</doc>
<msg timestamp="20220629 15:52:33.501" level="INFO">Closing PDF document: D:\Robocorp\BOTS\OrdersRobot\output\receipts\20.pdf</msg>
<status status="PASS" starttime="20220629 15:52:33.500" endtime="20220629 15:52:33.501"/>
</kw>
<status status="PASS" starttime="20220629 15:52:33.462" endtime="20220629 15:52:33.501"/>
</kw>
<status status="PASS" starttime="20220629 15:52:33.462" endtime="20220629 15:52:33.501"/>
</kw>
<kw name="Wait Until Keyword Succeeds" library="BuiltIn">
<arg>${retry_max}</arg>
<arg>${retry_interval}</arg>
<arg>Go to order another robot</arg>
<doc>Runs the specified keyword and retries if it fails.</doc>
<kw name="Go to order another robot">
<kw name="Click Element If Visible" library="RPA.Browser.Selenium">
<arg>order-another</arg>
<doc>Click element if it is visible</doc>
<msg timestamp="20220629 15:52:33.515" level="INFO">Element 'order-another' is displayed.</msg>
<msg timestamp="20220629 15:52:33.515" level="INFO">Clicking element 'order-another'.</msg>
<status status="PASS" starttime="20220629 15:52:33.502" endtime="20220629 15:52:33.615"/>
</kw>
<status status="PASS" starttime="20220629 15:52:33.502" endtime="20220629 15:52:33.616"/>
</kw>
<status status="PASS" starttime="20220629 15:52:33.501" endtime="20220629 15:52:33.616"/>
</kw>
<status status="PASS" starttime="20220629 15:52:32.015" endtime="20220629 15:52:33.616"/>
</iter>
<status status="PASS" starttime="20220629 15:51:43.633" endtime="20220629 15:52:33.616"/>
</for>
<kw name="Create a ZIP file of the receipts">
<kw name="Set Variable" library="BuiltIn">
<var>${zip_file_name}</var>
<arg>${OUTPUT_DIR}/PDFs.zip</arg>
<doc>Returns the given values which can then be assigned to a variables.</doc>
<msg timestamp="20220629 15:52:33.618" level="INFO">${zip_file_name} = d:\Robocorp\BOTS\OrdersRobot\output/PDFs.zip</msg>
<status status="PASS" starttime="20220629 15:52:33.617" endtime="20220629 15:52:33.618"/>
</kw>
<kw name="Archive Folder With Zip" library="RPA.Archive">
<arg>${receipts_path}</arg>
<arg>${zip_file_name}</arg>
<doc>Create a zip archive of a folder</doc>
<status status="PASS" starttime="20220629 15:52:33.618" endtime="20220629 15:52:33.654"/>
</kw>
<status status="PASS" starttime="20220629 15:52:33.616" endtime="20220629 15:52:33.654"/>
</kw>
<status status="PASS" starttime="20220629 15:51:22.541" endtime="20220629 15:52:33.655"/>
</test>
<doc>Orders robots from RobotSpareBin Industries Inc.
Saves the order HTML receipt as a PDF file.
Saves the screenshot of the ordered robot.
Embeds the screenshot of the robot to the PDF receipt.
Creates ZIP archive of the receipts and the images.</doc>
<status status="PASS" starttime="20220629 15:51:21.045" endtime="20220629 15:52:33.656"/>
</suite>
<statistics>
<total>
<stat pass="1" fail="0" skip="0">All Tasks</stat>
</total>
<tag>
</tag>
<suite>
<stat pass="1" fail="0" skip="0" id="s1" name="Tasks">Tasks</stat>
</suite>
</statistics>
<errors>
</errors>
</robot>
